<?xml version="1.0" encoding="utf-8"?>
<TestRun id="fea09681-aea1-4936-a9e9-e6242450e6d7" name="@3cef7e455965 2024-05-09 03:47:37" xmlns="http://microsoft.com/schemas/VisualStudio/TeamTest/2010">
  <Times creation="2024-05-09T03:47:37.9631903+00:00" queuing="2024-05-09T03:47:37.9631903+00:00" start="2024-05-09T03:47:37.3465309+00:00" finish="2024-05-09T03:47:37.9634532+00:00" />
  <TestSettings name="default" id="3fb9c436-d440-425e-a04e-37013a2fa14d">
    <Deployment runDeploymentRoot="_3cef7e455965_2024-05-09_03_47_37" />
  </TestSettings>
  <TestLists>
    <TestList name="Results Not in a List" id="8c84fa94-04c1-424b-9868-57a2d4851a1d" />
    <TestList name="All Loaded Results" id="19431567-8539-422a-85d7-44ee4e166bda" />
  </TestLists>
  <ResultSummary outcome="Failed">
    <Counters total="0" executed="0" passed="0" failed="0" error="0" timeout="0" aborted="0" inconclusive="0" passedButRunAborted="0" notRunnable="0" notExecuted="0" disconnected="0" warning="0" completed="0" inProgress="0" pending="0" />
    <Output>
      <StdOut>[xUnit.net 00:00:00.00] xUnit.net VSTest Adapter v2.4.5+1caef2f33e (64-bit .NET 8.0.4)
[xUnit.net 00:00:00.23]   Discovering: CleanArchitecture.UnitTests
[xUnit.net 00:00:00.24]   Discovered:  CleanArchitecture.UnitTests
[xUnit.net 00:00:00.24]   Starting:    CleanArchitecture.UnitTests
</StdOut>
    </Output>
    <RunInfos>
      <RunInfo computerName="3cef7e455965" outcome="Error" timestamp="2024-05-09T03:47:37.9461012+00:00">
        <Text>The active test run was aborted. Reason: Test host process crashed : Stack overflow.
Repeat 104609 times:
--------------------------------
   at CleanArchitecture.Common.Primitives.DomainObjects.Entity.Equals(System.Object)
--------------------------------
   at CleanArchitecture.Common.Primitives.DomainObjects.Entity.op_Inequality(CleanArchitecture.Common.Primitives.DomainObjects.Entity, CleanArchitecture.Common.Primitives.DomainObjects.Entity)
   at CleanArchitecture.UnitTests.Common.Primitives.DomainObjects.EntityTests.Entity_NotEqualsOperator_ReturnsFalse()
   at System.RuntimeMethodHandle.InvokeMethod(System.Object, Void**, System.Signature, Boolean)
   at System.Reflection.MethodBaseInvoker.InvokeWithNoArgs(System.Object, System.Reflection.BindingFlags)
   at Xunit.Sdk.TestInvoker`1[[System.__Canon, System.Private.CoreLib, Version=8.0.0.0, Culture=neutral, PublicKeyToken=7cec85d7bea7798e]].CallTestMethod(System.Object)
   at Xunit.Sdk.TestInvoker`1+&lt;&gt;c__DisplayClass48_0+&lt;&lt;InvokeTestMethodAsync&gt;b__1&gt;d[[System.__Canon, System.Private.CoreLib, Version=8.0.0.0, Culture=neutral, PublicKeyToken=7cec85d7bea7798e]].MoveNext()
   at System.Runtime.CompilerServices.AsyncMethodBuilderCore.Start[[Xunit.Sdk.TestInvoker`1+&lt;&gt;c__DisplayClass48_0+&lt;&lt;InvokeTestMethodAsync&gt;b__1&gt;d[[System.__Canon, System.Private.CoreLib, Version=8.0.0.0, Culture=neutral, PublicKeyToken=7cec85d7bea7798e]], xunit.execution.dotnet, Version=2.4.2.0, Culture=neutral, PublicKeyToken=8d05b1bb7a6fdb6c]](&lt;&lt;InvokeTestMethodAsync&gt;b__1&gt;d&lt;System.__Canon&gt; ByRef)
   at System.Runtime.CompilerServices.AsyncTaskMethodBuilder.Start[[Xunit.Sdk.TestInvoker`1+&lt;&gt;c__DisplayClass48_0+&lt;&lt;InvokeTestMethodAsync&gt;b__1&gt;d[[System.__Canon, System.Private.CoreLib, Version=8.0.0.0, Culture=neutral, PublicKeyToken=7cec85d7bea7798e]], xunit.execution.dotnet, Version=2.4.2.0, Culture=neutral, PublicKeyToken=8d05b1bb7a6fdb6c]](&lt;&lt;InvokeTestMethodAsync&gt;b__1&gt;d&lt;System.__Canon&gt; ByRef)
   at Xunit.Sdk.TestInvoker`1+&lt;&gt;c__DisplayClass48_0[[System.__Canon, System.Private.CoreLib, Version=8.0.0.0, Culture=neutral, PublicKeyToken=7cec85d7bea7798e]].&lt;InvokeTestMethodAsync&gt;b__1()
   at Xunit.Sdk.ExecutionTimer+&lt;AggregateAsync&gt;d__4.MoveNext()
   at System.Runtime.CompilerServices.AsyncMethodBuilderCore.Start[[Xunit.Sdk.ExecutionTimer+&lt;AggregateAsync&gt;d__4, xunit.execution.dotnet, Version=2.4.2.0, Culture=neutral, PublicKeyToken=8d05b1bb7a6fdb6c]](&lt;AggregateAsync&gt;d__4 ByRef)
   at System.Runtime.CompilerServices.AsyncTaskMethodBuilder.Start[[Xunit.Sdk.ExecutionTimer+&lt;AggregateAsync&gt;d__4, xunit.execution.dotnet, Version=2.4.2.0, Culture=neutral, PublicKeyToken=8d05b1bb7a6fdb6c]](&lt;AggregateAsync&gt;d__4 ByRef)
   at Xunit.Sdk.ExecutionTimer.AggregateAsync(System.Func`1&lt;System.Threading.Tasks.Task&gt;)
   at Xunit.Sdk.TestInvoker`1+&lt;&gt;c__DisplayClass48_0[[System.__Canon, System.Private.CoreLib, Version=8.0.0.0, Culture=neutral, PublicKeyToken=7cec85d7bea7798e]].&lt;InvokeTestMethodAsync&gt;b__0()
   at Xunit.Sdk.ExceptionAggregator+&lt;RunAsync&gt;d__9.MoveNext()
   at System.Runtime.CompilerServices.AsyncMethodBuilderCore.Start[[Xunit.Sdk.ExceptionAggregator+&lt;RunAsync&gt;d__9, xunit.core, Version=2.4.2.0, Culture=neutral, PublicKeyToken=8d05b1bb7a6fdb6c]](&lt;RunAsync&gt;d__9 ByRef)
   at System.Runtime.CompilerServices.AsyncTaskMethodBuilder.Start[[Xunit.Sdk.ExceptionAggregator+&lt;RunAsync&gt;d__9, xunit.core, Version=2.4.2.0, Culture=neutral, PublicKeyToken=8d05b1bb7a6fdb6c]](&lt;RunAsync&gt;d__9 ByRef)
   at Xunit.Sdk.ExceptionAggregator.RunAsync(System.Func`1&lt;System.Threading.Tasks.Task&gt;)
   at Xunit.Sdk.TestInvoker`1+&lt;InvokeTestMethodAsync&gt;d__48[[System.__Canon, System.Private.CoreLib, Version=8.0.0.0, Culture=neutral, PublicKeyToken=7cec85d7bea7798e]].MoveNext()
   at System.Runtime.CompilerServices.AsyncMethodBuilderCore.Start[[Xunit.Sdk.TestInvoker`1+&lt;InvokeTestMethodAsync&gt;d__48[[System.__Canon, System.Private.CoreLib, Version=8.0.0.0, Culture=neutral, PublicKeyToken=7cec85d7bea7798e]], xunit.execution.dotnet, Version=2.4.2.0, Culture=neutral, PublicKeyToken=8d05b1bb7a6fdb6c]](&lt;InvokeTestMethodAsync&gt;d__48&lt;System.__Canon&gt; ByRef)
   at System.Runtime.CompilerServices.AsyncTaskMethodBuilder`1[[System.Decimal, System.Private.CoreLib, Version=8.0.0.0, Culture=neutral, PublicKeyToken=7cec85d7bea7798e]].Start[[Xunit.Sdk.TestInvoker`1+&lt;InvokeTestMethodAsync&gt;d__48[[System.__Canon, System.Private.CoreLib, Version=8.0.0.0, Culture=neutral, PublicKeyToken=7cec85d7bea7798e]], xunit.execution.dotnet, Version=2.4.2.0, Culture=neutral, PublicKeyToken=8d05b1bb7a6fdb6c]](&lt;InvokeTestMethodAsync&gt;d__48&lt;System.__Canon&gt; ByRef)
   at Xunit.Sdk.TestInvoker`1[[System.__Canon, System.Private.CoreLib, Version=8.0.0.0, Culture=neutral, PublicKeyToken=7cec85d7bea7798e]].InvokeTestMethodAsync(System.Object)
   at Xunit.Sdk.XunitTestInvoker.InvokeTestMethodAsync(System.Object)
   at Xunit.Sdk.TestInvoker`1+&lt;&lt;RunAsync&gt;b__47_0&gt;d[[System.__Canon, System.Private.CoreLib, Version=8.0.0.0, Culture=neutral, PublicKeyToken=7cec85d7bea7798e]].MoveNext()
   at System.Runtime.CompilerServices.AsyncMethodBuilderCore.Start[[Xunit.Sdk.TestInvoker`1+&lt;&lt;RunAsync&gt;b__47_0&gt;d[[System.__Canon, System.Private.CoreLib, Version=8.0.0.0, Culture=neutral, PublicKeyToken=7cec85d7bea7798e]], xunit.execution.dotnet, Version=2.4.2.0, Culture=neutral, PublicKeyToken=8d05b1bb7a6fdb6c]](&lt;&lt;RunAsync&gt;b__47_0&gt;d&lt;System.__Canon&gt; ByRef)
   at System.Runtime.CompilerServices.AsyncTaskMethodBuilder`1[[System.Decimal, System.Private.CoreLib, Version=8.0.0.0, Culture=neutral, PublicKeyToken=7cec85d7bea7798e]].Start[[Xunit.Sdk.TestInvoker`1+&lt;&lt;RunAsync&gt;b__47_0&gt;d[[System.__Canon, System.Private.CoreLib, Version=8.0.0.0, Culture=neutral, PublicKeyToken=7cec85d7bea7798e]], xunit.execution.dotnet, Version=2.4.2.0, Culture=neutral, PublicKeyToken=8d05b1bb7a6fdb6c]](&lt;&lt;RunAsync&gt;b__47_0&gt;d&lt;System.__Canon&gt; ByRef)
   at Xunit.Sdk.TestInvoker`1[[System.__Canon, System.Private.CoreLib, Version=8.0.0.0, Culture=neutral, PublicKeyToken=7cec85d7bea7798e]].&lt;RunAsync&gt;b__47_0()
   at Xunit.Sdk.ExceptionAggregator+&lt;RunAsync&gt;d__10`1[[System.Decimal, System.Private.CoreLib, Version=8.0.0.0, Culture=neutral, PublicKeyToken=7cec85d7bea7798e]].MoveNext()
   at System.Runtime.CompilerServices.AsyncMethodBuilderCore.Start[[Xunit.Sdk.ExceptionAggregator+&lt;RunAsync&gt;d__10`1[[System.Decimal, System.Private.CoreLib, Version=8.0.0.0, Culture=neutral, PublicKeyToken=7cec85d7bea7798e]], xunit.core, Version=2.4.2.0, Culture=neutral, PublicKeyToken=8d05b1bb7a6fdb6c]](&lt;RunAsync&gt;d__10`1&lt;System.Decimal&gt; ByRef)
   at System.Runtime.CompilerServices.AsyncTaskMethodBuilder`1[[System.Decimal, System.Private.CoreLib, Version=8.0.0.0, Culture=neutral, PublicKeyToken=7cec85d7bea7798e]].Start[[Xunit.Sdk.ExceptionAggregator+&lt;RunAsync&gt;d__10`1[[System.Decimal, System.Private.CoreLib, Version=8.0.0.0, Culture=neutral, PublicKeyToken=7cec85d7bea7798e]], xunit.core, Version=2.4.2.0, Culture=neutral, PublicKeyToken=8d05b1bb7a6fdb6c]](&lt;RunAsync&gt;d__10`1&lt;System.Decimal&gt; ByRef)
   at Xunit.Sdk.ExceptionAggregator.RunAsync[[System.Decimal, System.Private.CoreLib, Version=8.0.0.0, Culture=neutral, PublicKeyToken=7cec85d7bea7798e]](System.Func`1&lt;System.Threading.Tasks.Task`1&lt;System.Decimal&gt;&gt;)
   at Xunit.Sdk.TestInvoker`1[[System.__Canon, System.Private.CoreLib, Version=8.0.0.0, Culture=neutral, PublicKeyToken=7cec85d7bea7798e]].RunAsync()
   at Xunit.Sdk.XunitTestRunner.InvokeTestMethodAsync(Xunit.Sdk.ExceptionAggregator)
   at Xunit.Sdk.XunitTestRunner+&lt;InvokeTestAsync&gt;d__4.MoveNext()
   at System.Runtime.CompilerServices.AsyncMethodBuilderCore.Start[[Xunit.Sdk.XunitTestRunner+&lt;InvokeTestAsync&gt;d__4, xunit.execution.dotnet, Version=2.4.2.0, Culture=neutral, PublicKeyToken=8d05b1bb7a6fdb6c]](&lt;InvokeTestAsync&gt;d__4 ByRef)
   at System.Runtime.CompilerServices.AsyncTaskMethodBuilder`1[[System.__Canon, System.Private.CoreLib, Version=8.0.0.0, Culture=neutral, PublicKeyToken=7cec85d7bea7798e]].Start[[Xunit.Sdk.XunitTestRunner+&lt;InvokeTestAsync&gt;d__4, xunit.execution.dotnet, Version=2.4.2.0, Culture=neutral, PublicKeyToken=8d05b1bb7a6fdb6c]](&lt;InvokeTestAsync&gt;d__4 ByRef)
   at Xunit.Sdk.XunitTestRunner.InvokeTestAsync(Xunit.Sdk.ExceptionAggregator)
   at Xunit.Sdk.TestRunner`1+&lt;&gt;c__DisplayClass43_0[[System.__Canon, System.Private.CoreLib, Version=8.0.0.0, Culture=neutra</Text>
      </RunInfo>
    </RunInfos>
  </ResultSummary>
</TestRun>