<?xml version="1.0" encoding="utf-8"?>
<TestRun id="aa4076cb-95ad-4a8e-93e6-26f128588be9" name="@3cef7e455965 2024-05-09 04:03:20" xmlns="http://microsoft.com/schemas/VisualStudio/TeamTest/2010">
  <Times creation="2024-05-09T04:03:20.3693871+00:00" queuing="2024-05-09T04:03:20.3693872+00:00" start="2024-05-09T04:03:19.7397340+00:00" finish="2024-05-09T04:03:20.3916880+00:00" />
  <TestSettings name="default" id="5031976f-c71a-4baf-b10d-1831f627bee9">
    <Deployment runDeploymentRoot="_3cef7e455965_2024-05-09_04_03_20" />
  </TestSettings>
  <Results>
    <UnitTestResult executionId="b63bac68-f8f1-4e5c-bfb5-035d6f511923" testId="4b18a758-56b0-ca1e-a681-3233f9c4d49c" testName="CleanArchitecture.UnitTests.Common.Primitives.DomainObjects.EntityTests.Entity_EqualsOperator_ReturnsTrue" computerName="3cef7e455965" duration="00:00:00.0000757" startTime="2024-05-09T04:03:20.3533808+00:00" endTime="2024-05-09T04:03:20.3533809+00:00" testType="13cdc9d9-ddb5-4fa4-a97d-d965ccfc6d4b" outcome="Passed" testListId="8c84fa94-04c1-424b-9868-57a2d4851a1d" relativeResultsDirectory="b63bac68-f8f1-4e5c-bfb5-035d6f511923" />
    <UnitTestResult executionId="11049ac2-acc7-4815-a624-cbed55a03729" testId="eda757df-89c4-8c20-960e-67ca9e8c7fde" testName="CleanArchitecture.UnitTests.Common.Primitives.DomainObjects.EntityTests.Entity_Equals_ReturnsFalseForDifferentType" computerName="3cef7e455965" duration="00:00:00.0000466" startTime="2024-05-09T04:03:20.3533992+00:00" endTime="2024-05-09T04:03:20.3533992+00:00" testType="13cdc9d9-ddb5-4fa4-a97d-d965ccfc6d4b" outcome="Passed" testListId="8c84fa94-04c1-424b-9868-57a2d4851a1d" relativeResultsDirectory="11049ac2-acc7-4815-a624-cbed55a03729" />
    <UnitTestResult executionId="756938c0-1db9-4ec3-86a5-d7c4db0a736b" testId="1912739d-364c-f430-22ca-c8ea855776a1" testName="CleanArchitecture.UnitTests.Common.Primitives.DomainObjects.ValueObjectTests.GetHashCode_WithEqualValueObjects_ReturnsSameHashCode" computerName="3cef7e455965" duration="00:00:00.0041859" startTime="2024-05-09T04:03:20.3399001+00:00" endTime="2024-05-09T04:03:20.3399002+00:00" testType="13cdc9d9-ddb5-4fa4-a97d-d965ccfc6d4b" outcome="Passed" testListId="8c84fa94-04c1-424b-9868-57a2d4851a1d" relativeResultsDirectory="756938c0-1db9-4ec3-86a5-d7c4db0a736b" />
    <UnitTestResult executionId="be6962e8-32a5-4c17-8316-fda3f89e6422" testId="1ca9ffbf-fef8-c78f-735c-0719d79da2f4" testName="CleanArchitecture.UnitTests.Common.Primitives.DomainObjects.ValueObjectTests.GetHashCode_WithDifferentValueObjects_ReturnsDifferentHashCode" computerName="3cef7e455965" duration="00:00:00.0001797" startTime="2024-05-09T04:03:20.3532470+00:00" endTime="2024-05-09T04:03:20.3532470+00:00" testType="13cdc9d9-ddb5-4fa4-a97d-d965ccfc6d4b" outcome="Passed" testListId="8c84fa94-04c1-424b-9868-57a2d4851a1d" relativeResultsDirectory="be6962e8-32a5-4c17-8316-fda3f89e6422" />
    <UnitTestResult executionId="1a00d3f9-b29f-48e6-bc6b-422886e66a86" testId="005bf185-f699-4538-f247-ac4738afe6df" testName="CleanArchitecture.UnitTests.Common.Primitives.DomainObjects.EntityTests.Entity_NotEqualsOperator_ReturnsTrue" computerName="3cef7e455965" duration="00:00:00.0000516" startTime="2024-05-09T04:03:20.3407717+00:00" endTime="2024-05-09T04:03:20.3407717+00:00" testType="13cdc9d9-ddb5-4fa4-a97d-d965ccfc6d4b" outcome="Passed" testListId="8c84fa94-04c1-424b-9868-57a2d4851a1d" relativeResultsDirectory="1a00d3f9-b29f-48e6-bc6b-422886e66a86" />
    <UnitTestResult executionId="df6c5c04-4307-4ae8-9b9e-4a7c2fb7fd7a" testId="aa9cdc32-fbdf-399c-8974-b4a7a23fa0f1" testName="CleanArchitecture.UnitTests.Common.Primitives.DomainObjects.EntityTests.Entity_ToString_ReturnsTypeNameAndId" computerName="3cef7e455965" duration="00:00:00.0014018" startTime="2024-05-09T04:03:20.3533437+00:00" endTime="2024-05-09T04:03:20.3533437+00:00" testType="13cdc9d9-ddb5-4fa4-a97d-d965ccfc6d4b" outcome="Passed" testListId="8c84fa94-04c1-424b-9868-57a2d4851a1d" relativeResultsDirectory="df6c5c04-4307-4ae8-9b9e-4a7c2fb7fd7a" />
    <UnitTestResult executionId="f0c0b784-cfb1-42fe-aa4e-2c7db18d93b1" testId="25e7d846-9f69-3ca9-00dd-7b58ea572957" testName="CleanArchitecture.UnitTests.Common.Primitives.DomainObjects.EntityTests.Entity_Equals_ReturnsFalseForDifferentTypeEntity" computerName="3cef7e455965" duration="00:00:00.0000505" startTime="2024-05-09T04:03:20.3407900+00:00" endTime="2024-05-09T04:03:20.3407900+00:00" testType="13cdc9d9-ddb5-4fa4-a97d-d965ccfc6d4b" outcome="Passed" testListId="8c84fa94-04c1-424b-9868-57a2d4851a1d" relativeResultsDirectory="f0c0b784-cfb1-42fe-aa4e-2c7db18d93b1" />
    <UnitTestResult executionId="18158329-fd47-47bb-aad4-a1ee3cfcf709" testId="28fd1f1a-4c92-0b3f-07f3-ca684e43a641" testName="CleanArchitecture.UnitTests.Common.Primitives.DomainObjects.EntityTests.Entity_EqualsOperator_ReturnsFalse" computerName="3cef7e455965" duration="00:00:00.0000462" startTime="2024-05-09T04:03:20.3534177+00:00" endTime="2024-05-09T04:03:20.3534177+00:00" testType="13cdc9d9-ddb5-4fa4-a97d-d965ccfc6d4b" outcome="Passed" testListId="8c84fa94-04c1-424b-9868-57a2d4851a1d" relativeResultsDirectory="18158329-fd47-47bb-aad4-a1ee3cfcf709" />
    <UnitTestResult executionId="f3eb1e42-fd95-42a2-92f1-47a0e763a4d0" testId="93527e5d-510b-daed-5ac7-96f771220ccc" testName="CleanArchitecture.UnitTests.Common.Primitives.DomainObjects.ValueObjectTests.Equals_WithDifferentValueObjects_ReturnsFalse" computerName="3cef7e455965" duration="00:00:00.0000632" startTime="2024-05-09T04:03:20.3407337+00:00" endTime="2024-05-09T04:03:20.3407337+00:00" testType="13cdc9d9-ddb5-4fa4-a97d-d965ccfc6d4b" outcome="Passed" testListId="8c84fa94-04c1-424b-9868-57a2d4851a1d" relativeResultsDirectory="f3eb1e42-fd95-42a2-92f1-47a0e763a4d0" />
    <UnitTestResult executionId="1cb9b11c-98fc-4411-a8a6-370a972f28d8" testId="1d5a8dd1-49c2-4d62-e74b-cc9930504aae" testName="CleanArchitecture.UnitTests.Common.Primitives.DomainObjects.EntityTests.Entity_GetHashCode_ReturnsIdHashCode" computerName="3cef7e455965" duration="00:00:00.0000756" startTime="2024-05-09T04:03:20.3534354+00:00" endTime="2024-05-09T04:03:20.3534354+00:00" testType="13cdc9d9-ddb5-4fa4-a97d-d965ccfc6d4b" outcome="Passed" testListId="8c84fa94-04c1-424b-9868-57a2d4851a1d" relativeResultsDirectory="1cb9b11c-98fc-4411-a8a6-370a972f28d8" />
    <UnitTestResult executionId="64f885e8-72ce-4fb2-b3c1-c46e4014ecfc" testId="cc102f76-a46d-1479-ec9e-ce49dff0467e" testName="CleanArchitecture.UnitTests.Common.Primitives.DomainObjects.EntityTests.Entity_Clone_ReturnsSameEntity" computerName="3cef7e455965" duration="00:00:00.0006080" startTime="2024-05-09T04:03:20.3533066+00:00" endTime="2024-05-09T04:03:20.3533066+00:00" testType="13cdc9d9-ddb5-4fa4-a97d-d965ccfc6d4b" outcome="Passed" testListId="8c84fa94-04c1-424b-9868-57a2d4851a1d" relativeResultsDirectory="64f885e8-72ce-4fb2-b3c1-c46e4014ecfc" />
    <UnitTestResult executionId="09080776-2ba5-4cdc-a34f-d9535e1b2716" testId="09b54a74-48bc-aa50-13c8-d9f60835ad3a" testName="CleanArchitecture.UnitTests.Common.Primitives.DomainObjects.ValueObjectTests.Equals_WithEqualValueObjects_ReturnsTrue" computerName="3cef7e455965" duration="00:00:00.0002849" startTime="2024-05-09T04:03:20.3405653+00:00" endTime="2024-05-09T04:03:20.3405654+00:00" testType="13cdc9d9-ddb5-4fa4-a97d-d965ccfc6d4b" outcome="Passed" testListId="8c84fa94-04c1-424b-9868-57a2d4851a1d" relativeResultsDirectory="09080776-2ba5-4cdc-a34f-d9535e1b2716" />
    <UnitTestResult executionId="e46667f3-c481-4f99-8152-0ad92f01a182" testId="2cf2bc2f-df54-030f-a33d-eb115b93dcda" testName="CleanArchitecture.UnitTests.Common.Primitives.DomainObjects.EntityTests.Entity_NotEqualsOperator_ReturnsFalse" computerName="3cef7e455965" duration="00:00:00.0003075" startTime="2024-05-09T04:03:20.3407088+00:00" endTime="2024-05-09T04:03:20.3407089+00:00" testType="13cdc9d9-ddb5-4fa4-a97d-d965ccfc6d4b" outcome="Passed" testListId="8c84fa94-04c1-424b-9868-57a2d4851a1d" relativeResultsDirectory="e46667f3-c481-4f99-8152-0ad92f01a182" />
    <UnitTestResult executionId="07fa82be-4e3c-4135-b1b0-50a37566bbac" testId="645e9e03-9241-be3b-5c6f-7e10563b4372" testName="CleanArchitecture.UnitTests.Common.Primitives.DomainObjects.EntityTests.Entity_Equals_ReturnsFalseForNull" computerName="3cef7e455965" duration="00:00:00.0000639" startTime="2024-05-09T04:03:20.3533631+00:00" endTime="2024-05-09T04:03:20.3533632+00:00" testType="13cdc9d9-ddb5-4fa4-a97d-d965ccfc6d4b" outcome="Passed" testListId="8c84fa94-04c1-424b-9868-57a2d4851a1d" relativeResultsDirectory="07fa82be-4e3c-4135-b1b0-50a37566bbac" />
    <UnitTestResult executionId="b633d463-f11a-4717-8f31-74c58200e3f6" testId="c997ebe7-9022-1204-ff9d-851dc5617bf8" testName="CleanArchitecture.UnitTests.Common.Primitives.DomainObjects.EntityTests.Entity_Equals_ReturnsFalseForSameReference" computerName="3cef7e455965" duration="00:00:00.0042045" startTime="2024-05-09T04:03:20.3384444+00:00" endTime="2024-05-09T04:03:20.3384547+00:00" testType="13cdc9d9-ddb5-4fa4-a97d-d965ccfc6d4b" outcome="Passed" testListId="8c84fa94-04c1-424b-9868-57a2d4851a1d" relativeResultsDirectory="b633d463-f11a-4717-8f31-74c58200e3f6" />
    <UnitTestResult executionId="5a455ebd-ba21-4022-b94d-b5cd91b0083a" testId="1fbdfe91-f2fd-3ab8-27e4-6f6b2e122d1b" testName="CleanArchitecture.UnitTests.Common.Primitives.DomainObjects.EntityTests.Entity_Equals_ReturnsTrue" computerName="3cef7e455965" duration="00:00:00.0000618" startTime="2024-05-09T04:03:20.3407535+00:00" endTime="2024-05-09T04:03:20.3407536+00:00" testType="13cdc9d9-ddb5-4fa4-a97d-d965ccfc6d4b" outcome="Passed" testListId="8c84fa94-04c1-424b-9868-57a2d4851a1d" relativeResultsDirectory="5a455ebd-ba21-4022-b94d-b5cd91b0083a" />
    <UnitTestResult executionId="248974b0-25cc-47bf-9cf4-f189ee892a1c" testId="67d72661-1ff2-d2bb-d80f-3971054ffbd5" testName="CleanArchitecture.UnitTests.Common.Primitives.DomainObjects.EntityTests.Entity_Equals_ReturnsFalse" computerName="3cef7e455965" duration="00:00:00.0000620" startTime="2024-05-09T04:03:20.3534550+00:00" endTime="2024-05-09T04:03:20.3534550+00:00" testType="13cdc9d9-ddb5-4fa4-a97d-d965ccfc6d4b" outcome="Passed" testListId="8c84fa94-04c1-424b-9868-57a2d4851a1d" relativeResultsDirectory="248974b0-25cc-47bf-9cf4-f189ee892a1c" />
  </Results>
  <TestDefinitions>
    <UnitTest name="CleanArchitecture.UnitTests.Common.Primitives.DomainObjects.EntityTests.Entity_NotEqualsOperator_ReturnsFalse" storage="/workspaces/clean-architecture/sources/cleanarchitecture/tests/cleanarchitecture.unittests/bin/debug/net8.0/cleanarchitecture.unittests.dll" id="2cf2bc2f-df54-030f-a33d-eb115b93dcda">
      <Execution id="e46667f3-c481-4f99-8152-0ad92f01a182" />
      <TestMethod codeBase="/workspaces/clean-architecture/sources/CleanArchitecture/tests/CleanArchitecture.UnitTests/bin/Debug/net8.0/CleanArchitecture.UnitTests.dll" adapterTypeName="executor://xunit/VsTestRunner2/netcoreapp" className="CleanArchitecture.UnitTests.Common.Primitives.DomainObjects.EntityTests" name="Entity_NotEqualsOperator_ReturnsFalse" />
    </UnitTest>
    <UnitTest name="CleanArchitecture.UnitTests.Common.Primitives.DomainObjects.EntityTests.Entity_EqualsOperator_ReturnsFalse" storage="/workspaces/clean-architecture/sources/cleanarchitecture/tests/cleanarchitecture.unittests/bin/debug/net8.0/cleanarchitecture.unittests.dll" id="28fd1f1a-4c92-0b3f-07f3-ca684e43a641">
      <Execution id="18158329-fd47-47bb-aad4-a1ee3cfcf709" />
      <TestMethod codeBase="/workspaces/clean-architecture/sources/CleanArchitecture/tests/CleanArchitecture.UnitTests/bin/Debug/net8.0/CleanArchitecture.UnitTests.dll" adapterTypeName="executor://xunit/VsTestRunner2/netcoreapp" className="CleanArchitecture.UnitTests.Common.Primitives.DomainObjects.EntityTests" name="Entity_EqualsOperator_ReturnsFalse" />
    </UnitTest>
    <UnitTest name="CleanArchitecture.UnitTests.Common.Primitives.DomainObjects.EntityTests.Entity_Equals_ReturnsFalseForSameReference" storage="/workspaces/clean-architecture/sources/cleanarchitecture/tests/cleanarchitecture.unittests/bin/debug/net8.0/cleanarchitecture.unittests.dll" id="c997ebe7-9022-1204-ff9d-851dc5617bf8">
      <Execution id="b633d463-f11a-4717-8f31-74c58200e3f6" />
      <TestMethod codeBase="/workspaces/clean-architecture/sources/CleanArchitecture/tests/CleanArchitecture.UnitTests/bin/Debug/net8.0/CleanArchitecture.UnitTests.dll" adapterTypeName="executor://xunit/VsTestRunner2/netcoreapp" className="CleanArchitecture.UnitTests.Common.Primitives.DomainObjects.EntityTests" name="Entity_Equals_ReturnsFalseForSameReference" />
    </UnitTest>
    <UnitTest name="CleanArchitecture.UnitTests.Common.Primitives.DomainObjects.ValueObjectTests.GetHashCode_WithEqualValueObjects_ReturnsSameHashCode" storage="/workspaces/clean-architecture/sources/cleanarchitecture/tests/cleanarchitecture.unittests/bin/debug/net8.0/cleanarchitecture.unittests.dll" id="1912739d-364c-f430-22ca-c8ea855776a1">
      <Execution id="756938c0-1db9-4ec3-86a5-d7c4db0a736b" />
      <TestMethod codeBase="/workspaces/clean-architecture/sources/CleanArchitecture/tests/CleanArchitecture.UnitTests/bin/Debug/net8.0/CleanArchitecture.UnitTests.dll" adapterTypeName="executor://xunit/VsTestRunner2/netcoreapp" className="CleanArchitecture.UnitTests.Common.Primitives.DomainObjects.ValueObjectTests" name="GetHashCode_WithEqualValueObjects_ReturnsSameHashCode" />
    </UnitTest>
    <UnitTest name="CleanArchitecture.UnitTests.Common.Primitives.DomainObjects.EntityTests.Entity_Equals_ReturnsFalse" storage="/workspaces/clean-architecture/sources/cleanarchitecture/tests/cleanarchitecture.unittests/bin/debug/net8.0/cleanarchitecture.unittests.dll" id="67d72661-1ff2-d2bb-d80f-3971054ffbd5">
      <Execution id="248974b0-25cc-47bf-9cf4-f189ee892a1c" />
      <TestMethod codeBase="/workspaces/clean-architecture/sources/CleanArchitecture/tests/CleanArchitecture.UnitTests/bin/Debug/net8.0/CleanArchitecture.UnitTests.dll" adapterTypeName="executor://xunit/VsTestRunner2/netcoreapp" className="CleanArchitecture.UnitTests.Common.Primitives.DomainObjects.EntityTests" name="Entity_Equals_ReturnsFalse" />
    </UnitTest>
    <UnitTest name="CleanArchitecture.UnitTests.Common.Primitives.DomainObjects.EntityTests.Entity_Equals_ReturnsFalseForDifferentType" storage="/workspaces/clean-architecture/sources/cleanarchitecture/tests/cleanarchitecture.unittests/bin/debug/net8.0/cleanarchitecture.unittests.dll" id="eda757df-89c4-8c20-960e-67ca9e8c7fde">
      <Execution id="11049ac2-acc7-4815-a624-cbed55a03729" />
      <TestMethod codeBase="/workspaces/clean-architecture/sources/CleanArchitecture/tests/CleanArchitecture.UnitTests/bin/Debug/net8.0/CleanArchitecture.UnitTests.dll" adapterTypeName="executor://xunit/VsTestRunner2/netcoreapp" className="CleanArchitecture.UnitTests.Common.Primitives.DomainObjects.EntityTests" name="Entity_Equals_ReturnsFalseForDifferentType" />
    </UnitTest>
    <UnitTest name="CleanArchitecture.UnitTests.Common.Primitives.DomainObjects.ValueObjectTests.GetHashCode_WithDifferentValueObjects_ReturnsDifferentHashCode" storage="/workspaces/clean-architecture/sources/cleanarchitecture/tests/cleanarchitecture.unittests/bin/debug/net8.0/cleanarchitecture.unittests.dll" id="1ca9ffbf-fef8-c78f-735c-0719d79da2f4">
      <Execution id="be6962e8-32a5-4c17-8316-fda3f89e6422" />
      <TestMethod codeBase="/workspaces/clean-architecture/sources/CleanArchitecture/tests/CleanArchitecture.UnitTests/bin/Debug/net8.0/CleanArchitecture.UnitTests.dll" adapterTypeName="executor://xunit/VsTestRunner2/netcoreapp" className="CleanArchitecture.UnitTests.Common.Primitives.DomainObjects.ValueObjectTests" name="GetHashCode_WithDifferentValueObjects_ReturnsDifferentHashCode" />
    </UnitTest>
    <UnitTest name="CleanArchitecture.UnitTests.Common.Primitives.DomainObjects.EntityTests.Entity_EqualsOperator_ReturnsTrue" storage="/workspaces/clean-architecture/sources/cleanarchitecture/tests/cleanarchitecture.unittests/bin/debug/net8.0/cleanarchitecture.unittests.dll" id="4b18a758-56b0-ca1e-a681-3233f9c4d49c">
      <Execution id="b63bac68-f8f1-4e5c-bfb5-035d6f511923" />
      <TestMethod codeBase="/workspaces/clean-architecture/sources/CleanArchitecture/tests/CleanArchitecture.UnitTests/bin/Debug/net8.0/CleanArchitecture.UnitTests.dll" adapterTypeName="executor://xunit/VsTestRunner2/netcoreapp" className="CleanArchitecture.UnitTests.Common.Primitives.DomainObjects.EntityTests" name="Entity_EqualsOperator_ReturnsTrue" />
    </UnitTest>
    <UnitTest name="CleanArchitecture.UnitTests.Common.Primitives.DomainObjects.EntityTests.Entity_NotEqualsOperator_ReturnsTrue" storage="/workspaces/clean-architecture/sources/cleanarchitecture/tests/cleanarchitecture.unittests/bin/debug/net8.0/cleanarchitecture.unittests.dll" id="005bf185-f699-4538-f247-ac4738afe6df">
      <Execution id="1a00d3f9-b29f-48e6-bc6b-422886e66a86" />
      <TestMethod codeBase="/workspaces/clean-architecture/sources/CleanArchitecture/tests/CleanArchitecture.UnitTests/bin/Debug/net8.0/CleanArchitecture.UnitTests.dll" adapterTypeName="executor://xunit/VsTestRunner2/netcoreapp" className="CleanArchitecture.UnitTests.Common.Primitives.DomainObjects.EntityTests" name="Entity_NotEqualsOperator_ReturnsTrue" />
    </UnitTest>
    <UnitTest name="CleanArchitecture.UnitTests.Common.Primitives.DomainObjects.EntityTests.Entity_Equals_ReturnsTrue" storage="/workspaces/clean-architecture/sources/cleanarchitecture/tests/cleanarchitecture.unittests/bin/debug/net8.0/cleanarchitecture.unittests.dll" id="1fbdfe91-f2fd-3ab8-27e4-6f6b2e122d1b">
      <Execution id="5a455ebd-ba21-4022-b94d-b5cd91b0083a" />
      <TestMethod codeBase="/workspaces/clean-architecture/sources/CleanArchitecture/tests/CleanArchitecture.UnitTests/bin/Debug/net8.0/CleanArchitecture.UnitTests.dll" adapterTypeName="executor://xunit/VsTestRunner2/netcoreapp" className="CleanArchitecture.UnitTests.Common.Primitives.DomainObjects.EntityTests" name="Entity_Equals_ReturnsTrue" />
    </UnitTest>
    <UnitTest name="CleanArchitecture.UnitTests.Common.Primitives.DomainObjects.EntityTests.Entity_GetHashCode_ReturnsIdHashCode" storage="/workspaces/clean-architecture/sources/cleanarchitecture/tests/cleanarchitecture.unittests/bin/debug/net8.0/cleanarchitecture.unittests.dll" id="1d5a8dd1-49c2-4d62-e74b-cc9930504aae">
      <Execution id="1cb9b11c-98fc-4411-a8a6-370a972f28d8" />
      <TestMethod codeBase="/workspaces/clean-architecture/sources/CleanArchitecture/tests/CleanArchitecture.UnitTests/bin/Debug/net8.0/CleanArchitecture.UnitTests.dll" adapterTypeName="executor://xunit/VsTestRunner2/netcoreapp" className="CleanArchitecture.UnitTests.Common.Primitives.DomainObjects.EntityTests" name="Entity_GetHashCode_ReturnsIdHashCode" />
    </UnitTest>
    <UnitTest name="CleanArchitecture.UnitTests.Common.Primitives.DomainObjects.EntityTests.Entity_Clone_ReturnsSameEntity" storage="/workspaces/clean-architecture/sources/cleanarchitecture/tests/cleanarchitecture.unittests/bin/debug/net8.0/cleanarchitecture.unittests.dll" id="cc102f76-a46d-1479-ec9e-ce49dff0467e">
      <Execution id="64f885e8-72ce-4fb2-b3c1-c46e4014ecfc" />
      <TestMethod codeBase="/workspaces/clean-architecture/sources/CleanArchitecture/tests/CleanArchitecture.UnitTests/bin/Debug/net8.0/CleanArchitecture.UnitTests.dll" adapterTypeName="executor://xunit/VsTestRunner2/netcoreapp" className="CleanArchitecture.UnitTests.Common.Primitives.DomainObjects.EntityTests" name="Entity_Clone_ReturnsSameEntity" />
    </UnitTest>
    <UnitTest name="CleanArchitecture.UnitTests.Common.Primitives.DomainObjects.EntityTests.Entity_Equals_ReturnsFalseForNull" storage="/workspaces/clean-architecture/sources/cleanarchitecture/tests/cleanarchitecture.unittests/bin/debug/net8.0/cleanarchitecture.unittests.dll" id="645e9e03-9241-be3b-5c6f-7e10563b4372">
      <Execution id="07fa82be-4e3c-4135-b1b0-50a37566bbac" />
      <TestMethod codeBase="/workspaces/clean-architecture/sources/CleanArchitecture/tests/CleanArchitecture.UnitTests/bin/Debug/net8.0/CleanArchitecture.UnitTests.dll" adapterTypeName="executor://xunit/VsTestRunner2/netcoreapp" className="CleanArchitecture.UnitTests.Common.Primitives.DomainObjects.EntityTests" name="Entity_Equals_ReturnsFalseForNull" />
    </UnitTest>
    <UnitTest name="CleanArchitecture.UnitTests.Common.Primitives.DomainObjects.ValueObjectTests.Equals_WithDifferentValueObjects_ReturnsFalse" storage="/workspaces/clean-architecture/sources/cleanarchitecture/tests/cleanarchitecture.unittests/bin/debug/net8.0/cleanarchitecture.unittests.dll" id="93527e5d-510b-daed-5ac7-96f771220ccc">
      <Execution id="f3eb1e42-fd95-42a2-92f1-47a0e763a4d0" />
      <TestMethod codeBase="/workspaces/clean-architecture/sources/CleanArchitecture/tests/CleanArchitecture.UnitTests/bin/Debug/net8.0/CleanArchitecture.UnitTests.dll" adapterTypeName="executor://xunit/VsTestRunner2/netcoreapp" className="CleanArchitecture.UnitTests.Common.Primitives.DomainObjects.ValueObjectTests" name="Equals_WithDifferentValueObjects_ReturnsFalse" />
    </UnitTest>
    <UnitTest name="CleanArchitecture.UnitTests.Common.Primitives.DomainObjects.EntityTests.Entity_ToString_ReturnsTypeNameAndId" storage="/workspaces/clean-architecture/sources/cleanarchitecture/tests/cleanarchitecture.unittests/bin/debug/net8.0/cleanarchitecture.unittests.dll" id="aa9cdc32-fbdf-399c-8974-b4a7a23fa0f1">
      <Execution id="df6c5c04-4307-4ae8-9b9e-4a7c2fb7fd7a" />
      <TestMethod codeBase="/workspaces/clean-architecture/sources/CleanArchitecture/tests/CleanArchitecture.UnitTests/bin/Debug/net8.0/CleanArchitecture.UnitTests.dll" adapterTypeName="executor://xunit/VsTestRunner2/netcoreapp" className="CleanArchitecture.UnitTests.Common.Primitives.DomainObjects.EntityTests" name="Entity_ToString_ReturnsTypeNameAndId" />
    </UnitTest>
    <UnitTest name="CleanArchitecture.UnitTests.Common.Primitives.DomainObjects.EntityTests.Entity_Equals_ReturnsFalseForDifferentTypeEntity" storage="/workspaces/clean-architecture/sources/cleanarchitecture/tests/cleanarchitecture.unittests/bin/debug/net8.0/cleanarchitecture.unittests.dll" id="25e7d846-9f69-3ca9-00dd-7b58ea572957">
      <Execution id="f0c0b784-cfb1-42fe-aa4e-2c7db18d93b1" />
      <TestMethod codeBase="/workspaces/clean-architecture/sources/CleanArchitecture/tests/CleanArchitecture.UnitTests/bin/Debug/net8.0/CleanArchitecture.UnitTests.dll" adapterTypeName="executor://xunit/VsTestRunner2/netcoreapp" className="CleanArchitecture.UnitTests.Common.Primitives.DomainObjects.EntityTests" name="Entity_Equals_ReturnsFalseForDifferentTypeEntity" />
    </UnitTest>
    <UnitTest name="CleanArchitecture.UnitTests.Common.Primitives.DomainObjects.ValueObjectTests.Equals_WithEqualValueObjects_ReturnsTrue" storage="/workspaces/clean-architecture/sources/cleanarchitecture/tests/cleanarchitecture.unittests/bin/debug/net8.0/cleanarchitecture.unittests.dll" id="09b54a74-48bc-aa50-13c8-d9f60835ad3a">
      <Execution id="09080776-2ba5-4cdc-a34f-d9535e1b2716" />
      <TestMethod codeBase="/workspaces/clean-architecture/sources/CleanArchitecture/tests/CleanArchitecture.UnitTests/bin/Debug/net8.0/CleanArchitecture.UnitTests.dll" adapterTypeName="executor://xunit/VsTestRunner2/netcoreapp" className="CleanArchitecture.UnitTests.Common.Primitives.DomainObjects.ValueObjectTests" name="Equals_WithEqualValueObjects_ReturnsTrue" />
    </UnitTest>
  </TestDefinitions>
  <TestEntries>
    <TestEntry testId="4b18a758-56b0-ca1e-a681-3233f9c4d49c" executionId="b63bac68-f8f1-4e5c-bfb5-035d6f511923" testListId="8c84fa94-04c1-424b-9868-57a2d4851a1d" />
    <TestEntry testId="eda757df-89c4-8c20-960e-67ca9e8c7fde" executionId="11049ac2-acc7-4815-a624-cbed55a03729" testListId="8c84fa94-04c1-424b-9868-57a2d4851a1d" />
    <TestEntry testId="1912739d-364c-f430-22ca-c8ea855776a1" executionId="756938c0-1db9-4ec3-86a5-d7c4db0a736b" testListId="8c84fa94-04c1-424b-9868-57a2d4851a1d" />
    <TestEntry testId="1ca9ffbf-fef8-c78f-735c-0719d79da2f4" executionId="be6962e8-32a5-4c17-8316-fda3f89e6422" testListId="8c84fa94-04c1-424b-9868-57a2d4851a1d" />
    <TestEntry testId="005bf185-f699-4538-f247-ac4738afe6df" executionId="1a00d3f9-b29f-48e6-bc6b-422886e66a86" testListId="8c84fa94-04c1-424b-9868-57a2d4851a1d" />
    <TestEntry testId="aa9cdc32-fbdf-399c-8974-b4a7a23fa0f1" executionId="df6c5c04-4307-4ae8-9b9e-4a7c2fb7fd7a" testListId="8c84fa94-04c1-424b-9868-57a2d4851a1d" />
    <TestEntry testId="25e7d846-9f69-3ca9-00dd-7b58ea572957" executionId="f0c0b784-cfb1-42fe-aa4e-2c7db18d93b1" testListId="8c84fa94-04c1-424b-9868-57a2d4851a1d" />
    <TestEntry testId="28fd1f1a-4c92-0b3f-07f3-ca684e43a641" executionId="18158329-fd47-47bb-aad4-a1ee3cfcf709" testListId="8c84fa94-04c1-424b-9868-57a2d4851a1d" />
    <TestEntry testId="93527e5d-510b-daed-5ac7-96f771220ccc" executionId="f3eb1e42-fd95-42a2-92f1-47a0e763a4d0" testListId="8c84fa94-04c1-424b-9868-57a2d4851a1d" />
    <TestEntry testId="1d5a8dd1-49c2-4d62-e74b-cc9930504aae" executionId="1cb9b11c-98fc-4411-a8a6-370a972f28d8" testListId="8c84fa94-04c1-424b-9868-57a2d4851a1d" />
    <TestEntry testId="cc102f76-a46d-1479-ec9e-ce49dff0467e" executionId="64f885e8-72ce-4fb2-b3c1-c46e4014ecfc" testListId="8c84fa94-04c1-424b-9868-57a2d4851a1d" />
    <TestEntry testId="09b54a74-48bc-aa50-13c8-d9f60835ad3a" executionId="09080776-2ba5-4cdc-a34f-d9535e1b2716" testListId="8c84fa94-04c1-424b-9868-57a2d4851a1d" />
    <TestEntry testId="2cf2bc2f-df54-030f-a33d-eb115b93dcda" executionId="e46667f3-c481-4f99-8152-0ad92f01a182" testListId="8c84fa94-04c1-424b-9868-57a2d4851a1d" />
    <TestEntry testId="645e9e03-9241-be3b-5c6f-7e10563b4372" executionId="07fa82be-4e3c-4135-b1b0-50a37566bbac" testListId="8c84fa94-04c1-424b-9868-57a2d4851a1d" />
    <TestEntry testId="c997ebe7-9022-1204-ff9d-851dc5617bf8" executionId="b633d463-f11a-4717-8f31-74c58200e3f6" testListId="8c84fa94-04c1-424b-9868-57a2d4851a1d" />
    <TestEntry testId="1fbdfe91-f2fd-3ab8-27e4-6f6b2e122d1b" executionId="5a455ebd-ba21-4022-b94d-b5cd91b0083a" testListId="8c84fa94-04c1-424b-9868-57a2d4851a1d" />
    <TestEntry testId="67d72661-1ff2-d2bb-d80f-3971054ffbd5" executionId="248974b0-25cc-47bf-9cf4-f189ee892a1c" testListId="8c84fa94-04c1-424b-9868-57a2d4851a1d" />
  </TestEntries>
  <TestLists>
    <TestList name="Results Not in a List" id="8c84fa94-04c1-424b-9868-57a2d4851a1d" />
    <TestList name="All Loaded Results" id="19431567-8539-422a-85d7-44ee4e166bda" />
  </TestLists>
  <ResultSummary outcome="Completed">
    <Counters total="17" executed="17" passed="17" failed="0" error="0" timeout="0" aborted="0" inconclusive="0" passedButRunAborted="0" notRunnable="0" notExecuted="0" disconnected="0" warning="0" completed="0" inProgress="0" pending="0" />
    <Output>
      <StdOut>[xUnit.net 00:00:00.00] xUnit.net VSTest Adapter v2.4.5+1caef2f33e (64-bit .NET 8.0.4)
[xUnit.net 00:00:00.27]   Discovering: CleanArchitecture.UnitTests
[xUnit.net 00:00:00.28]   Discovered:  CleanArchitecture.UnitTests
[xUnit.net 00:00:00.29]   Starting:    CleanArchitecture.UnitTests
[xUnit.net 00:00:00.33]   Finished:    CleanArchitecture.UnitTests
</StdOut>
    </Output>
  </ResultSummary>
</TestRun>