<?xml version="1.0" encoding="utf-8"?>
<TestRun id="ef005a92-4653-4134-8d6f-668f8348f141" name="@3cef7e455965 2024-05-09 03:27:14" xmlns="http://microsoft.com/schemas/VisualStudio/TeamTest/2010">
  <Times creation="2024-05-09T03:27:14.7744786+00:00" queuing="2024-05-09T03:27:14.7744787+00:00" start="2024-05-09T03:27:14.1289454+00:00" finish="2024-05-09T03:27:14.7967818+00:00" />
  <TestSettings name="default" id="5af66287-ffca-417c-8ebe-c811f5799f30">
    <Deployment runDeploymentRoot="_3cef7e455965_2024-05-09_03_27_14" />
  </TestSettings>
  <Results>
    <UnitTestResult executionId="c3632240-c104-455f-ad1d-a0c1c35e694b" testId="aa9cdc32-fbdf-399c-8974-b4a7a23fa0f1" testName="CleanArchitecture.UnitTests.Common.Primitives.DomainObjects.EntityTests.Entity_ToString_ReturnsTypeNameAndId" computerName="3cef7e455965" duration="00:00:00.0013204" startTime="2024-05-09T03:27:14.7317180+00:00" endTime="2024-05-09T03:27:14.7317180+00:00" testType="13cdc9d9-ddb5-4fa4-a97d-d965ccfc6d4b" outcome="Passed" testListId="8c84fa94-04c1-424b-9868-57a2d4851a1d" relativeResultsDirectory="c3632240-c104-455f-ad1d-a0c1c35e694b" />
    <UnitTestResult executionId="2b9d6178-666e-4ec7-ba7e-52c481705813" testId="645e9e03-9241-be3b-5c6f-7e10563b4372" testName="CleanArchitecture.UnitTests.Common.Primitives.DomainObjects.EntityTests.Entity_Equals_ReturnsFalseForNull" computerName="3cef7e455965" duration="00:00:00.0000649" startTime="2024-05-09T03:27:14.7487390+00:00" endTime="2024-05-09T03:27:14.7487391+00:00" testType="13cdc9d9-ddb5-4fa4-a97d-d965ccfc6d4b" outcome="Passed" testListId="8c84fa94-04c1-424b-9868-57a2d4851a1d" relativeResultsDirectory="2b9d6178-666e-4ec7-ba7e-52c481705813" />
    <UnitTestResult executionId="b750bbbe-e7c5-402f-98a1-112fdc7064cc" testId="1ca9ffbf-fef8-c78f-735c-0719d79da2f4" testName="CleanArchitecture.UnitTests.Common.Primitives.DomainObjects.ValueObjectTests.GetHashCode_WithDifferentValueObjects_ReturnsDifferentHashCode" computerName="3cef7e455965" duration="00:00:00.0001606" startTime="2024-05-09T03:27:14.7316760+00:00" endTime="2024-05-09T03:27:14.7316760+00:00" testType="13cdc9d9-ddb5-4fa4-a97d-d965ccfc6d4b" outcome="Passed" testListId="8c84fa94-04c1-424b-9868-57a2d4851a1d" relativeResultsDirectory="b750bbbe-e7c5-402f-98a1-112fdc7064cc" />
    <UnitTestResult executionId="b7cbc029-b7c5-4734-9dd1-77694ffce93d" testId="2cf2bc2f-df54-030f-a33d-eb115b93dcda" testName="CleanArchitecture.UnitTests.Common.Primitives.DomainObjects.EntityTests.Entity_NotEqualsOperator_ReturnsFalse" computerName="3cef7e455965" duration="00:00:00.0058288" startTime="2024-05-09T03:27:14.7305545+00:00" endTime="2024-05-09T03:27:14.7305545+00:00" testType="13cdc9d9-ddb5-4fa4-a97d-d965ccfc6d4b" outcome="Passed" testListId="8c84fa94-04c1-424b-9868-57a2d4851a1d" relativeResultsDirectory="b7cbc029-b7c5-4734-9dd1-77694ffce93d" />
    <UnitTestResult executionId="a7fb3fd0-163d-4874-85e5-47bce49edf39" testId="cc102f76-a46d-1479-ec9e-ce49dff0467e" testName="CleanArchitecture.UnitTests.Common.Primitives.DomainObjects.EntityTests.Entity_Clone_ReturnsSameEntity" computerName="3cef7e455965" duration="00:00:00.0007738" startTime="2024-05-09T03:27:14.7316858+00:00" endTime="2024-05-09T03:27:14.7316858+00:00" testType="13cdc9d9-ddb5-4fa4-a97d-d965ccfc6d4b" outcome="Passed" testListId="8c84fa94-04c1-424b-9868-57a2d4851a1d" relativeResultsDirectory="a7fb3fd0-163d-4874-85e5-47bce49edf39" />
    <UnitTestResult executionId="6faa385e-d775-4a4d-abcf-afbe5834556a" testId="1fbdfe91-f2fd-3ab8-27e4-6f6b2e122d1b" testName="CleanArchitecture.UnitTests.Common.Primitives.DomainObjects.EntityTests.Entity_Equals_ReturnsTrue" computerName="3cef7e455965" duration="00:00:00.0002070" startTime="2024-05-09T03:27:14.7314629+00:00" endTime="2024-05-09T03:27:14.7314630+00:00" testType="13cdc9d9-ddb5-4fa4-a97d-d965ccfc6d4b" outcome="Passed" testListId="8c84fa94-04c1-424b-9868-57a2d4851a1d" relativeResultsDirectory="6faa385e-d775-4a4d-abcf-afbe5834556a" />
    <UnitTestResult executionId="d402b705-9057-4812-850e-0873f6fc0cba" testId="28fd1f1a-4c92-0b3f-07f3-ca684e43a641" testName="CleanArchitecture.UnitTests.Common.Primitives.DomainObjects.EntityTests.Entity_EqualsOperator_ReturnsFalse" computerName="3cef7e455965" duration="00:00:00.0000530" startTime="2024-05-09T03:27:14.7488673+00:00" endTime="2024-05-09T03:27:14.7488673+00:00" testType="13cdc9d9-ddb5-4fa4-a97d-d965ccfc6d4b" outcome="Passed" testListId="8c84fa94-04c1-424b-9868-57a2d4851a1d" relativeResultsDirectory="d402b705-9057-4812-850e-0873f6fc0cba" />
    <UnitTestResult executionId="1ffdbc5b-b422-4d7c-968e-8ad778c3cbb0" testId="1d5a8dd1-49c2-4d62-e74b-cc9930504aae" testName="CleanArchitecture.UnitTests.Common.Primitives.DomainObjects.EntityTests.Entity_GetHashCode_ReturnsIdHashCode" computerName="3cef7e455965" duration="00:00:00.0002046" startTime="2024-05-09T03:27:14.7488860+00:00" endTime="2024-05-09T03:27:14.7488861+00:00" testType="13cdc9d9-ddb5-4fa4-a97d-d965ccfc6d4b" outcome="Passed" testListId="8c84fa94-04c1-424b-9868-57a2d4851a1d" relativeResultsDirectory="1ffdbc5b-b422-4d7c-968e-8ad778c3cbb0" />
    <UnitTestResult executionId="6a6478af-8a0d-440b-b494-b097cfcadb23" testId="93527e5d-510b-daed-5ac7-96f771220ccc" testName="CleanArchitecture.UnitTests.Common.Primitives.DomainObjects.ValueObjectTests.Equals_WithDifferentValueObjects_ReturnsFalse" computerName="3cef7e455965" duration="00:00:00.0000585" startTime="2024-05-09T03:27:14.7316567+00:00" endTime="2024-05-09T03:27:14.7316567+00:00" testType="13cdc9d9-ddb5-4fa4-a97d-d965ccfc6d4b" outcome="Passed" testListId="8c84fa94-04c1-424b-9868-57a2d4851a1d" relativeResultsDirectory="6a6478af-8a0d-440b-b494-b097cfcadb23" />
    <UnitTestResult executionId="85a3f680-3179-41ec-98a8-6d2615815b7f" testId="4b18a758-56b0-ca1e-a681-3233f9c4d49c" testName="CleanArchitecture.UnitTests.Common.Primitives.DomainObjects.EntityTests.Entity_EqualsOperator_ReturnsTrue" computerName="3cef7e455965" duration="00:00:00.0000925" startTime="2024-05-09T03:27:14.7488454+00:00" endTime="2024-05-09T03:27:14.7488454+00:00" testType="13cdc9d9-ddb5-4fa4-a97d-d965ccfc6d4b" outcome="Passed" testListId="8c84fa94-04c1-424b-9868-57a2d4851a1d" relativeResultsDirectory="85a3f680-3179-41ec-98a8-6d2615815b7f" />
    <UnitTestResult executionId="ab15b653-fe2e-43ef-8022-81226043226d" testId="09b54a74-48bc-aa50-13c8-d9f60835ad3a" testName="CleanArchitecture.UnitTests.Common.Primitives.DomainObjects.ValueObjectTests.Equals_WithEqualValueObjects_ReturnsTrue" computerName="3cef7e455965" duration="00:00:00.0005284" startTime="2024-05-09T03:27:14.7316353+00:00" endTime="2024-05-09T03:27:14.7316353+00:00" testType="13cdc9d9-ddb5-4fa4-a97d-d965ccfc6d4b" outcome="Passed" testListId="8c84fa94-04c1-424b-9868-57a2d4851a1d" relativeResultsDirectory="ab15b653-fe2e-43ef-8022-81226043226d" />
    <UnitTestResult executionId="b13182b8-8751-41d8-9253-cbeb7c8357d2" testId="005bf185-f699-4538-f247-ac4738afe6df" testName="CleanArchitecture.UnitTests.Common.Primitives.DomainObjects.EntityTests.Entity_NotEqualsOperator_ReturnsTrue" computerName="3cef7e455965" duration="00:00:00.0000652" startTime="2024-05-09T03:27:14.7316099+00:00" endTime="2024-05-09T03:27:14.7316100+00:00" testType="13cdc9d9-ddb5-4fa4-a97d-d965ccfc6d4b" outcome="Passed" testListId="8c84fa94-04c1-424b-9868-57a2d4851a1d" relativeResultsDirectory="b13182b8-8751-41d8-9253-cbeb7c8357d2" />
    <UnitTestResult executionId="9a5cb00f-afd6-4550-b7fb-3e0542cdff38" testId="67d72661-1ff2-d2bb-d80f-3971054ffbd5" testName="CleanArchitecture.UnitTests.Common.Primitives.DomainObjects.EntityTests.Entity_Equals_ReturnsFalse" computerName="3cef7e455965" duration="00:00:00.0000597" startTime="2024-05-09T03:27:14.7489057+00:00" endTime="2024-05-09T03:27:14.7489057+00:00" testType="13cdc9d9-ddb5-4fa4-a97d-d965ccfc6d4b" outcome="Passed" testListId="8c84fa94-04c1-424b-9868-57a2d4851a1d" relativeResultsDirectory="9a5cb00f-afd6-4550-b7fb-3e0542cdff38" />
    <UnitTestResult executionId="496cf485-0866-44f5-9173-bc9f9d66a009" testId="1912739d-364c-f430-22ca-c8ea855776a1" testName="CleanArchitecture.UnitTests.Common.Primitives.DomainObjects.ValueObjectTests.GetHashCode_WithEqualValueObjects_ReturnsSameHashCode" computerName="3cef7e455965" duration="00:00:00.0057419" startTime="2024-05-09T03:27:14.7291800+00:00" endTime="2024-05-09T03:27:14.7291910+00:00" testType="13cdc9d9-ddb5-4fa4-a97d-d965ccfc6d4b" outcome="Passed" testListId="8c84fa94-04c1-424b-9868-57a2d4851a1d" relativeResultsDirectory="496cf485-0866-44f5-9173-bc9f9d66a009" />
  </Results>
  <TestDefinitions>
    <UnitTest name="CleanArchitecture.UnitTests.Common.Primitives.DomainObjects.EntityTests.Entity_NotEqualsOperator_ReturnsFalse" storage="/workspaces/clean-architecture/sources/cleanarchitecture/tests/cleanarchitecture.unittests/bin/debug/net8.0/cleanarchitecture.unittests.dll" id="2cf2bc2f-df54-030f-a33d-eb115b93dcda">
      <Execution id="b7cbc029-b7c5-4734-9dd1-77694ffce93d" />
      <TestMethod codeBase="/workspaces/clean-architecture/sources/CleanArchitecture/tests/CleanArchitecture.UnitTests/bin/Debug/net8.0/CleanArchitecture.UnitTests.dll" adapterTypeName="executor://xunit/VsTestRunner2/netcoreapp" className="CleanArchitecture.UnitTests.Common.Primitives.DomainObjects.EntityTests" name="Entity_NotEqualsOperator_ReturnsFalse" />
    </UnitTest>
    <UnitTest name="CleanArchitecture.UnitTests.Common.Primitives.DomainObjects.EntityTests.Entity_EqualsOperator_ReturnsFalse" storage="/workspaces/clean-architecture/sources/cleanarchitecture/tests/cleanarchitecture.unittests/bin/debug/net8.0/cleanarchitecture.unittests.dll" id="28fd1f1a-4c92-0b3f-07f3-ca684e43a641">
      <Execution id="d402b705-9057-4812-850e-0873f6fc0cba" />
      <TestMethod codeBase="/workspaces/clean-architecture/sources/CleanArchitecture/tests/CleanArchitecture.UnitTests/bin/Debug/net8.0/CleanArchitecture.UnitTests.dll" adapterTypeName="executor://xunit/VsTestRunner2/netcoreapp" className="CleanArchitecture.UnitTests.Common.Primitives.DomainObjects.EntityTests" name="Entity_EqualsOperator_ReturnsFalse" />
    </UnitTest>
    <UnitTest name="CleanArchitecture.UnitTests.Common.Primitives.DomainObjects.ValueObjectTests.GetHashCode_WithEqualValueObjects_ReturnsSameHashCode" storage="/workspaces/clean-architecture/sources/cleanarchitecture/tests/cleanarchitecture.unittests/bin/debug/net8.0/cleanarchitecture.unittests.dll" id="1912739d-364c-f430-22ca-c8ea855776a1">
      <Execution id="496cf485-0866-44f5-9173-bc9f9d66a009" />
      <TestMethod codeBase="/workspaces/clean-architecture/sources/CleanArchitecture/tests/CleanArchitecture.UnitTests/bin/Debug/net8.0/CleanArchitecture.UnitTests.dll" adapterTypeName="executor://xunit/VsTestRunner2/netcoreapp" className="CleanArchitecture.UnitTests.Common.Primitives.DomainObjects.ValueObjectTests" name="GetHashCode_WithEqualValueObjects_ReturnsSameHashCode" />
    </UnitTest>
    <UnitTest name="CleanArchitecture.UnitTests.Common.Primitives.DomainObjects.EntityTests.Entity_Equals_ReturnsFalse" storage="/workspaces/clean-architecture/sources/cleanarchitecture/tests/cleanarchitecture.unittests/bin/debug/net8.0/cleanarchitecture.unittests.dll" id="67d72661-1ff2-d2bb-d80f-3971054ffbd5">
      <Execution id="9a5cb00f-afd6-4550-b7fb-3e0542cdff38" />
      <TestMethod codeBase="/workspaces/clean-architecture/sources/CleanArchitecture/tests/CleanArchitecture.UnitTests/bin/Debug/net8.0/CleanArchitecture.UnitTests.dll" adapterTypeName="executor://xunit/VsTestRunner2/netcoreapp" className="CleanArchitecture.UnitTests.Common.Primitives.DomainObjects.EntityTests" name="Entity_Equals_ReturnsFalse" />
    </UnitTest>
    <UnitTest name="CleanArchitecture.UnitTests.Common.Primitives.DomainObjects.ValueObjectTests.GetHashCode_WithDifferentValueObjects_ReturnsDifferentHashCode" storage="/workspaces/clean-architecture/sources/cleanarchitecture/tests/cleanarchitecture.unittests/bin/debug/net8.0/cleanarchitecture.unittests.dll" id="1ca9ffbf-fef8-c78f-735c-0719d79da2f4">
      <Execution id="b750bbbe-e7c5-402f-98a1-112fdc7064cc" />
      <TestMethod codeBase="/workspaces/clean-architecture/sources/CleanArchitecture/tests/CleanArchitecture.UnitTests/bin/Debug/net8.0/CleanArchitecture.UnitTests.dll" adapterTypeName="executor://xunit/VsTestRunner2/netcoreapp" className="CleanArchitecture.UnitTests.Common.Primitives.DomainObjects.ValueObjectTests" name="GetHashCode_WithDifferentValueObjects_ReturnsDifferentHashCode" />
    </UnitTest>
    <UnitTest name="CleanArchitecture.UnitTests.Common.Primitives.DomainObjects.EntityTests.Entity_EqualsOperator_ReturnsTrue" storage="/workspaces/clean-architecture/sources/cleanarchitecture/tests/cleanarchitecture.unittests/bin/debug/net8.0/cleanarchitecture.unittests.dll" id="4b18a758-56b0-ca1e-a681-3233f9c4d49c">
      <Execution id="85a3f680-3179-41ec-98a8-6d2615815b7f" />
      <TestMethod codeBase="/workspaces/clean-architecture/sources/CleanArchitecture/tests/CleanArchitecture.UnitTests/bin/Debug/net8.0/CleanArchitecture.UnitTests.dll" adapterTypeName="executor://xunit/VsTestRunner2/netcoreapp" className="CleanArchitecture.UnitTests.Common.Primitives.DomainObjects.EntityTests" name="Entity_EqualsOperator_ReturnsTrue" />
    </UnitTest>
    <UnitTest name="CleanArchitecture.UnitTests.Common.Primitives.DomainObjects.EntityTests.Entity_NotEqualsOperator_ReturnsTrue" storage="/workspaces/clean-architecture/sources/cleanarchitecture/tests/cleanarchitecture.unittests/bin/debug/net8.0/cleanarchitecture.unittests.dll" id="005bf185-f699-4538-f247-ac4738afe6df">
      <Execution id="b13182b8-8751-41d8-9253-cbeb7c8357d2" />
      <TestMethod codeBase="/workspaces/clean-architecture/sources/CleanArchitecture/tests/CleanArchitecture.UnitTests/bin/Debug/net8.0/CleanArchitecture.UnitTests.dll" adapterTypeName="executor://xunit/VsTestRunner2/netcoreapp" className="CleanArchitecture.UnitTests.Common.Primitives.DomainObjects.EntityTests" name="Entity_NotEqualsOperator_ReturnsTrue" />
    </UnitTest>
    <UnitTest name="CleanArchitecture.UnitTests.Common.Primitives.DomainObjects.EntityTests.Entity_Equals_ReturnsTrue" storage="/workspaces/clean-architecture/sources/cleanarchitecture/tests/cleanarchitecture.unittests/bin/debug/net8.0/cleanarchitecture.unittests.dll" id="1fbdfe91-f2fd-3ab8-27e4-6f6b2e122d1b">
      <Execution id="6faa385e-d775-4a4d-abcf-afbe5834556a" />
      <TestMethod codeBase="/workspaces/clean-architecture/sources/CleanArchitecture/tests/CleanArchitecture.UnitTests/bin/Debug/net8.0/CleanArchitecture.UnitTests.dll" adapterTypeName="executor://xunit/VsTestRunner2/netcoreapp" className="CleanArchitecture.UnitTests.Common.Primitives.DomainObjects.EntityTests" name="Entity_Equals_ReturnsTrue" />
    </UnitTest>
    <UnitTest name="CleanArchitecture.UnitTests.Common.Primitives.DomainObjects.EntityTests.Entity_GetHashCode_ReturnsIdHashCode" storage="/workspaces/clean-architecture/sources/cleanarchitecture/tests/cleanarchitecture.unittests/bin/debug/net8.0/cleanarchitecture.unittests.dll" id="1d5a8dd1-49c2-4d62-e74b-cc9930504aae">
      <Execution id="1ffdbc5b-b422-4d7c-968e-8ad778c3cbb0" />
      <TestMethod codeBase="/workspaces/clean-architecture/sources/CleanArchitecture/tests/CleanArchitecture.UnitTests/bin/Debug/net8.0/CleanArchitecture.UnitTests.dll" adapterTypeName="executor://xunit/VsTestRunner2/netcoreapp" className="CleanArchitecture.UnitTests.Common.Primitives.DomainObjects.EntityTests" name="Entity_GetHashCode_ReturnsIdHashCode" />
    </UnitTest>
    <UnitTest name="CleanArchitecture.UnitTests.Common.Primitives.DomainObjects.EntityTests.Entity_Clone_ReturnsSameEntity" storage="/workspaces/clean-architecture/sources/cleanarchitecture/tests/cleanarchitecture.unittests/bin/debug/net8.0/cleanarchitecture.unittests.dll" id="cc102f76-a46d-1479-ec9e-ce49dff0467e">
      <Execution id="a7fb3fd0-163d-4874-85e5-47bce49edf39" />
      <TestMethod codeBase="/workspaces/clean-architecture/sources/CleanArchitecture/tests/CleanArchitecture.UnitTests/bin/Debug/net8.0/CleanArchitecture.UnitTests.dll" adapterTypeName="executor://xunit/VsTestRunner2/netcoreapp" className="CleanArchitecture.UnitTests.Common.Primitives.DomainObjects.EntityTests" name="Entity_Clone_ReturnsSameEntity" />
    </UnitTest>
    <UnitTest name="CleanArchitecture.UnitTests.Common.Primitives.DomainObjects.EntityTests.Entity_Equals_ReturnsFalseForNull" storage="/workspaces/clean-architecture/sources/cleanarchitecture/tests/cleanarchitecture.unittests/bin/debug/net8.0/cleanarchitecture.unittests.dll" id="645e9e03-9241-be3b-5c6f-7e10563b4372">
      <Execution id="2b9d6178-666e-4ec7-ba7e-52c481705813" />
      <TestMethod codeBase="/workspaces/clean-architecture/sources/CleanArchitecture/tests/CleanArchitecture.UnitTests/bin/Debug/net8.0/CleanArchitecture.UnitTests.dll" adapterTypeName="executor://xunit/VsTestRunner2/netcoreapp" className="CleanArchitecture.UnitTests.Common.Primitives.DomainObjects.EntityTests" name="Entity_Equals_ReturnsFalseForNull" />
    </UnitTest>
    <UnitTest name="CleanArchitecture.UnitTests.Common.Primitives.DomainObjects.ValueObjectTests.Equals_WithDifferentValueObjects_ReturnsFalse" storage="/workspaces/clean-architecture/sources/cleanarchitecture/tests/cleanarchitecture.unittests/bin/debug/net8.0/cleanarchitecture.unittests.dll" id="93527e5d-510b-daed-5ac7-96f771220ccc">
      <Execution id="6a6478af-8a0d-440b-b494-b097cfcadb23" />
      <TestMethod codeBase="/workspaces/clean-architecture/sources/CleanArchitecture/tests/CleanArchitecture.UnitTests/bin/Debug/net8.0/CleanArchitecture.UnitTests.dll" adapterTypeName="executor://xunit/VsTestRunner2/netcoreapp" className="CleanArchitecture.UnitTests.Common.Primitives.DomainObjects.ValueObjectTests" name="Equals_WithDifferentValueObjects_ReturnsFalse" />
    </UnitTest>
    <UnitTest name="CleanArchitecture.UnitTests.Common.Primitives.DomainObjects.EntityTests.Entity_ToString_ReturnsTypeNameAndId" storage="/workspaces/clean-architecture/sources/cleanarchitecture/tests/cleanarchitecture.unittests/bin/debug/net8.0/cleanarchitecture.unittests.dll" id="aa9cdc32-fbdf-399c-8974-b4a7a23fa0f1">
      <Execution id="c3632240-c104-455f-ad1d-a0c1c35e694b" />
      <TestMethod codeBase="/workspaces/clean-architecture/sources/CleanArchitecture/tests/CleanArchitecture.UnitTests/bin/Debug/net8.0/CleanArchitecture.UnitTests.dll" adapterTypeName="executor://xunit/VsTestRunner2/netcoreapp" className="CleanArchitecture.UnitTests.Common.Primitives.DomainObjects.EntityTests" name="Entity_ToString_ReturnsTypeNameAndId" />
    </UnitTest>
    <UnitTest name="CleanArchitecture.UnitTests.Common.Primitives.DomainObjects.ValueObjectTests.Equals_WithEqualValueObjects_ReturnsTrue" storage="/workspaces/clean-architecture/sources/cleanarchitecture/tests/cleanarchitecture.unittests/bin/debug/net8.0/cleanarchitecture.unittests.dll" id="09b54a74-48bc-aa50-13c8-d9f60835ad3a">
      <Execution id="ab15b653-fe2e-43ef-8022-81226043226d" />
      <TestMethod codeBase="/workspaces/clean-architecture/sources/CleanArchitecture/tests/CleanArchitecture.UnitTests/bin/Debug/net8.0/CleanArchitecture.UnitTests.dll" adapterTypeName="executor://xunit/VsTestRunner2/netcoreapp" className="CleanArchitecture.UnitTests.Common.Primitives.DomainObjects.ValueObjectTests" name="Equals_WithEqualValueObjects_ReturnsTrue" />
    </UnitTest>
  </TestDefinitions>
  <TestEntries>
    <TestEntry testId="aa9cdc32-fbdf-399c-8974-b4a7a23fa0f1" executionId="c3632240-c104-455f-ad1d-a0c1c35e694b" testListId="8c84fa94-04c1-424b-9868-57a2d4851a1d" />
    <TestEntry testId="645e9e03-9241-be3b-5c6f-7e10563b4372" executionId="2b9d6178-666e-4ec7-ba7e-52c481705813" testListId="8c84fa94-04c1-424b-9868-57a2d4851a1d" />
    <TestEntry testId="1ca9ffbf-fef8-c78f-735c-0719d79da2f4" executionId="b750bbbe-e7c5-402f-98a1-112fdc7064cc" testListId="8c84fa94-04c1-424b-9868-57a2d4851a1d" />
    <TestEntry testId="2cf2bc2f-df54-030f-a33d-eb115b93dcda" executionId="b7cbc029-b7c5-4734-9dd1-77694ffce93d" testListId="8c84fa94-04c1-424b-9868-57a2d4851a1d" />
    <TestEntry testId="cc102f76-a46d-1479-ec9e-ce49dff0467e" executionId="a7fb3fd0-163d-4874-85e5-47bce49edf39" testListId="8c84fa94-04c1-424b-9868-57a2d4851a1d" />
    <TestEntry testId="1fbdfe91-f2fd-3ab8-27e4-6f6b2e122d1b" executionId="6faa385e-d775-4a4d-abcf-afbe5834556a" testListId="8c84fa94-04c1-424b-9868-57a2d4851a1d" />
    <TestEntry testId="28fd1f1a-4c92-0b3f-07f3-ca684e43a641" executionId="d402b705-9057-4812-850e-0873f6fc0cba" testListId="8c84fa94-04c1-424b-9868-57a2d4851a1d" />
    <TestEntry testId="1d5a8dd1-49c2-4d62-e74b-cc9930504aae" executionId="1ffdbc5b-b422-4d7c-968e-8ad778c3cbb0" testListId="8c84fa94-04c1-424b-9868-57a2d4851a1d" />
    <TestEntry testId="93527e5d-510b-daed-5ac7-96f771220ccc" executionId="6a6478af-8a0d-440b-b494-b097cfcadb23" testListId="8c84fa94-04c1-424b-9868-57a2d4851a1d" />
    <TestEntry testId="4b18a758-56b0-ca1e-a681-3233f9c4d49c" executionId="85a3f680-3179-41ec-98a8-6d2615815b7f" testListId="8c84fa94-04c1-424b-9868-57a2d4851a1d" />
    <TestEntry testId="09b54a74-48bc-aa50-13c8-d9f60835ad3a" executionId="ab15b653-fe2e-43ef-8022-81226043226d" testListId="8c84fa94-04c1-424b-9868-57a2d4851a1d" />
    <TestEntry testId="005bf185-f699-4538-f247-ac4738afe6df" executionId="b13182b8-8751-41d8-9253-cbeb7c8357d2" testListId="8c84fa94-04c1-424b-9868-57a2d4851a1d" />
    <TestEntry testId="67d72661-1ff2-d2bb-d80f-3971054ffbd5" executionId="9a5cb00f-afd6-4550-b7fb-3e0542cdff38" testListId="8c84fa94-04c1-424b-9868-57a2d4851a1d" />
    <TestEntry testId="1912739d-364c-f430-22ca-c8ea855776a1" executionId="496cf485-0866-44f5-9173-bc9f9d66a009" testListId="8c84fa94-04c1-424b-9868-57a2d4851a1d" />
  </TestEntries>
  <TestLists>
    <TestList name="Results Not in a List" id="8c84fa94-04c1-424b-9868-57a2d4851a1d" />
    <TestList name="All Loaded Results" id="19431567-8539-422a-85d7-44ee4e166bda" />
  </TestLists>
  <ResultSummary outcome="Completed">
    <Counters total="14" executed="14" passed="14" failed="0" error="0" timeout="0" aborted="0" inconclusive="0" passedButRunAborted="0" notRunnable="0" notExecuted="0" disconnected="0" warning="0" completed="0" inProgress="0" pending="0" />
    <Output>
      <StdOut>[xUnit.net 00:00:00.00] xUnit.net VSTest Adapter v2.4.5+1caef2f33e (64-bit .NET 8.0.4)
[xUnit.net 00:00:00.30]   Discovering: CleanArchitecture.UnitTests
[xUnit.net 00:00:00.33]   Discovered:  CleanArchitecture.UnitTests
[xUnit.net 00:00:00.33]   Starting:    CleanArchitecture.UnitTests
[xUnit.net 00:00:00.39]   Finished:    CleanArchitecture.UnitTests
</StdOut>
    </Output>
  </ResultSummary>
</TestRun>