<?xml version="1.0" encoding="utf-8"?>
<TestRun id="88d0cf02-4601-43fd-8d80-67fdf745dad3" name="@3cef7e455965 2024-05-09 04:17:09" xmlns="http://microsoft.com/schemas/VisualStudio/TeamTest/2010">
  <Times creation="2024-05-09T04:17:09.9378890+00:00" queuing="2024-05-09T04:17:09.9378891+00:00" start="2024-05-09T04:17:09.4097466+00:00" finish="2024-05-09T04:17:09.9621210+00:00" />
  <TestSettings name="default" id="0cae08f6-d16e-4b50-b6f2-f04f6aca2690">
    <Deployment runDeploymentRoot="_3cef7e455965_2024-05-09_04_17_09" />
  </TestSettings>
  <Results>
    <UnitTestResult executionId="a3ffdd2f-efe2-4278-bde2-145d8e8c8f2c" testId="1912739d-364c-f430-22ca-c8ea855776a1" testName="CleanArchitecture.UnitTests.Common.Primitives.DomainObjects.ValueObjectTests.GetHashCode_WithEqualValueObjects_ReturnsSameHashCode" computerName="3cef7e455965" duration="00:00:00.0040860" startTime="2024-05-09T04:17:09.9089282+00:00" endTime="2024-05-09T04:17:09.9089283+00:00" testType="13cdc9d9-ddb5-4fa4-a97d-d965ccfc6d4b" outcome="Passed" testListId="8c84fa94-04c1-424b-9868-57a2d4851a1d" relativeResultsDirectory="a3ffdd2f-efe2-4278-bde2-145d8e8c8f2c" />
    <UnitTestResult executionId="51cf73ec-11ff-4418-8ea8-c5c6fee89580" testId="67d72661-1ff2-d2bb-d80f-3971054ffbd5" testName="CleanArchitecture.UnitTests.Common.Primitives.DomainObjects.EntityTests.Entity_Equals_ReturnsFalse" computerName="3cef7e455965" duration="00:00:00.0000554" startTime="2024-05-09T04:17:09.9218521+00:00" endTime="2024-05-09T04:17:09.9218521+00:00" testType="13cdc9d9-ddb5-4fa4-a97d-d965ccfc6d4b" outcome="Passed" testListId="8c84fa94-04c1-424b-9868-57a2d4851a1d" relativeResultsDirectory="51cf73ec-11ff-4418-8ea8-c5c6fee89580" />
    <UnitTestResult executionId="854366c1-4fc9-4079-9c62-1ab6102de879" testId="cc102f76-a46d-1479-ec9e-ce49dff0467e" testName="CleanArchitecture.UnitTests.Common.Primitives.DomainObjects.EntityTests.Entity_Clone_ReturnsSameEntity" computerName="3cef7e455965" duration="00:00:00.0005612" startTime="2024-05-09T04:17:09.9217262+00:00" endTime="2024-05-09T04:17:09.9217263+00:00" testType="13cdc9d9-ddb5-4fa4-a97d-d965ccfc6d4b" outcome="Passed" testListId="8c84fa94-04c1-424b-9868-57a2d4851a1d" relativeResultsDirectory="854366c1-4fc9-4079-9c62-1ab6102de879" />
    <UnitTestResult executionId="ba6b1b03-360f-44d8-8704-39799b744d4e" testId="4b18a758-56b0-ca1e-a681-3233f9c4d49c" testName="CleanArchitecture.UnitTests.Common.Primitives.DomainObjects.EntityTests.Entity_EqualsOperator_ReturnsTrue" computerName="3cef7e455965" duration="00:00:00.0000761" startTime="2024-05-09T04:17:09.9217836+00:00" endTime="2024-05-09T04:17:09.9217837+00:00" testType="13cdc9d9-ddb5-4fa4-a97d-d965ccfc6d4b" outcome="Passed" testListId="8c84fa94-04c1-424b-9868-57a2d4851a1d" relativeResultsDirectory="ba6b1b03-360f-44d8-8704-39799b744d4e" />
    <UnitTestResult executionId="2503a63e-2807-4716-b29a-3082c5f330ac" testId="29aa9d2d-611c-d2bf-d8e5-4c2d56fac7d2" testName="CleanArchitecture.UnitTests.Common.Primitives.DomainObjects.EntityTests.Entity_Equals_ReturnsFalseForNullDifferentType" computerName="3cef7e455965" duration="00:00:00.0000471" startTime="2024-05-09T04:17:09.9096880+00:00" endTime="2024-05-09T04:17:09.9096880+00:00" testType="13cdc9d9-ddb5-4fa4-a97d-d965ccfc6d4b" outcome="Passed" testListId="8c84fa94-04c1-424b-9868-57a2d4851a1d" relativeResultsDirectory="2503a63e-2807-4716-b29a-3082c5f330ac" />
    <UnitTestResult executionId="c2f3bfe8-c598-4b92-9927-e675690ccfa5" testId="1fbdfe91-f2fd-3ab8-27e4-6f6b2e122d1b" testName="CleanArchitecture.UnitTests.Common.Primitives.DomainObjects.EntityTests.Entity_Equals_ReturnsTrue" computerName="3cef7e455965" duration="00:00:00.0000620" startTime="2024-05-09T04:17:09.9096717+00:00" endTime="2024-05-09T04:17:09.9096718+00:00" testType="13cdc9d9-ddb5-4fa4-a97d-d965ccfc6d4b" outcome="Passed" testListId="8c84fa94-04c1-424b-9868-57a2d4851a1d" relativeResultsDirectory="c2f3bfe8-c598-4b92-9927-e675690ccfa5" />
    <UnitTestResult executionId="0addfe7d-c911-439a-a487-79d4e5afdb60" testId="8c834366-b385-e80d-36cc-fd8931552240" testName="CleanArchitecture.UnitTests.Common.Primitives.DomainObjects.EntityTests.Entity_Equals_ReturnsTrueForReferenceEqualsObject" computerName="3cef7e455965" duration="00:00:00.0000426" startTime="2024-05-09T04:17:09.9097120+00:00" endTime="2024-05-09T04:17:09.9097120+00:00" testType="13cdc9d9-ddb5-4fa4-a97d-d965ccfc6d4b" outcome="Passed" testListId="8c84fa94-04c1-424b-9868-57a2d4851a1d" relativeResultsDirectory="0addfe7d-c911-439a-a487-79d4e5afdb60" />
    <UnitTestResult executionId="78279353-37d1-4f7f-be69-991873a9f4eb" testId="eda757df-89c4-8c20-960e-67ca9e8c7fde" testName="CleanArchitecture.UnitTests.Common.Primitives.DomainObjects.EntityTests.Entity_Equals_ReturnsFalseForDifferentType" computerName="3cef7e455965" duration="00:00:00.0000473" startTime="2024-05-09T04:17:09.9218006+00:00" endTime="2024-05-09T04:17:09.9218007+00:00" testType="13cdc9d9-ddb5-4fa4-a97d-d965ccfc6d4b" outcome="Passed" testListId="8c84fa94-04c1-424b-9868-57a2d4851a1d" relativeResultsDirectory="78279353-37d1-4f7f-be69-991873a9f4eb" />
    <UnitTestResult executionId="c6a9a1d8-180f-4de3-a3da-272417bd1281" testId="93527e5d-510b-daed-5ac7-96f771220ccc" testName="CleanArchitecture.UnitTests.Common.Primitives.DomainObjects.ValueObjectTests.Equals_WithDifferentValueObjects_ReturnsFalse" computerName="3cef7e455965" duration="00:00:00.0001111" startTime="2024-05-09T04:17:09.9096519+00:00" endTime="2024-05-09T04:17:09.9096519+00:00" testType="13cdc9d9-ddb5-4fa4-a97d-d965ccfc6d4b" outcome="Passed" testListId="8c84fa94-04c1-424b-9868-57a2d4851a1d" relativeResultsDirectory="c6a9a1d8-180f-4de3-a3da-272417bd1281" />
    <UnitTestResult executionId="68478c13-88a6-4212-8d5f-1bd4a75643ac" testId="005bf185-f699-4538-f247-ac4738afe6df" testName="CleanArchitecture.UnitTests.Common.Primitives.DomainObjects.EntityTests.Entity_NotEqualsOperator_ReturnsTrue" computerName="3cef7e455965" duration="00:00:00.0000465" startTime="2024-05-09T04:17:09.9216443+00:00" endTime="2024-05-09T04:17:09.9216444+00:00" testType="13cdc9d9-ddb5-4fa4-a97d-d965ccfc6d4b" outcome="Passed" testListId="8c84fa94-04c1-424b-9868-57a2d4851a1d" relativeResultsDirectory="68478c13-88a6-4212-8d5f-1bd4a75643ac" />
    <UnitTestResult executionId="f1fb76f9-5555-4c69-95e8-952e4b5cc272" testId="2cf2bc2f-df54-030f-a33d-eb115b93dcda" testName="CleanArchitecture.UnitTests.Common.Primitives.DomainObjects.EntityTests.Entity_NotEqualsOperator_ReturnsFalse" computerName="3cef7e455965" duration="00:00:00.0003292" startTime="2024-05-09T04:17:09.9096328+00:00" endTime="2024-05-09T04:17:09.9096328+00:00" testType="13cdc9d9-ddb5-4fa4-a97d-d965ccfc6d4b" outcome="Passed" testListId="8c84fa94-04c1-424b-9868-57a2d4851a1d" relativeResultsDirectory="f1fb76f9-5555-4c69-95e8-952e4b5cc272" />
    <UnitTestResult executionId="04889439-3761-4893-9a13-15cac8296e95" testId="28fd1f1a-4c92-0b3f-07f3-ca684e43a641" testName="CleanArchitecture.UnitTests.Common.Primitives.DomainObjects.EntityTests.Entity_EqualsOperator_ReturnsFalse" computerName="3cef7e455965" duration="00:00:00.0000475" startTime="2024-05-09T04:17:09.9218170+00:00" endTime="2024-05-09T04:17:09.9218171+00:00" testType="13cdc9d9-ddb5-4fa4-a97d-d965ccfc6d4b" outcome="Passed" testListId="8c84fa94-04c1-424b-9868-57a2d4851a1d" relativeResultsDirectory="04889439-3761-4893-9a13-15cac8296e95" />
    <UnitTestResult executionId="dc5b3725-6ddb-40a5-9e28-32bba93a1f9a" testId="1d5a8dd1-49c2-4d62-e74b-cc9930504aae" testName="CleanArchitecture.UnitTests.Common.Primitives.DomainObjects.EntityTests.Entity_GetHashCode_ReturnsIdHashCode" computerName="3cef7e455965" duration="00:00:00.0000914" startTime="2024-05-09T04:17:09.9218358+00:00" endTime="2024-05-09T04:17:09.9218358+00:00" testType="13cdc9d9-ddb5-4fa4-a97d-d965ccfc6d4b" outcome="Passed" testListId="8c84fa94-04c1-424b-9868-57a2d4851a1d" relativeResultsDirectory="dc5b3725-6ddb-40a5-9e28-32bba93a1f9a" />
    <UnitTestResult executionId="8b6c9c8e-d832-49ae-81c3-5de09b00b81a" testId="645e9e03-9241-be3b-5c6f-7e10563b4372" testName="CleanArchitecture.UnitTests.Common.Primitives.DomainObjects.EntityTests.Entity_Equals_ReturnsFalseForNull" computerName="3cef7e455965" duration="00:00:00.0000694" startTime="2024-05-09T04:17:09.9217675+00:00" endTime="2024-05-09T04:17:09.9217675+00:00" testType="13cdc9d9-ddb5-4fa4-a97d-d965ccfc6d4b" outcome="Passed" testListId="8c84fa94-04c1-424b-9868-57a2d4851a1d" relativeResultsDirectory="8b6c9c8e-d832-49ae-81c3-5de09b00b81a" />
    <UnitTestResult executionId="7c1dd76e-38f9-4dac-81ee-7399525477b7" testId="aa9cdc32-fbdf-399c-8974-b4a7a23fa0f1" testName="CleanArchitecture.UnitTests.Common.Primitives.DomainObjects.EntityTests.Entity_ToString_ReturnsTypeNameAndId" computerName="3cef7e455965" duration="00:00:00.0011013" startTime="2024-05-09T04:17:09.9217500+00:00" endTime="2024-05-09T04:17:09.9217501+00:00" testType="13cdc9d9-ddb5-4fa4-a97d-d965ccfc6d4b" outcome="Passed" testListId="8c84fa94-04c1-424b-9868-57a2d4851a1d" relativeResultsDirectory="7c1dd76e-38f9-4dac-81ee-7399525477b7" />
    <UnitTestResult executionId="baba131a-da19-4782-9551-3e08de82aa78" testId="09b54a74-48bc-aa50-13c8-d9f60835ad3a" testName="CleanArchitecture.UnitTests.Common.Primitives.DomainObjects.ValueObjectTests.Equals_WithEqualValueObjects_ReturnsTrue" computerName="3cef7e455965" duration="00:00:00.0002285" startTime="2024-05-09T04:17:09.9095031+00:00" endTime="2024-05-09T04:17:09.9095032+00:00" testType="13cdc9d9-ddb5-4fa4-a97d-d965ccfc6d4b" outcome="Passed" testListId="8c84fa94-04c1-424b-9868-57a2d4851a1d" relativeResultsDirectory="baba131a-da19-4782-9551-3e08de82aa78" />
    <UnitTestResult executionId="b6e83bdf-97d3-4c47-818b-a3a55b8b4eab" testId="c997ebe7-9022-1204-ff9d-851dc5617bf8" testName="CleanArchitecture.UnitTests.Common.Primitives.DomainObjects.EntityTests.Entity_Equals_ReturnsFalseForSameReference" computerName="3cef7e455965" duration="00:00:00.0040863" startTime="2024-05-09T04:17:09.9077257+00:00" endTime="2024-05-09T04:17:09.9077355+00:00" testType="13cdc9d9-ddb5-4fa4-a97d-d965ccfc6d4b" outcome="Passed" testListId="8c84fa94-04c1-424b-9868-57a2d4851a1d" relativeResultsDirectory="b6e83bdf-97d3-4c47-818b-a3a55b8b4eab" />
    <UnitTestResult executionId="becdb2a5-c92f-48bd-ab6b-dda96c85b2fb" testId="1ca9ffbf-fef8-c78f-735c-0719d79da2f4" testName="CleanArchitecture.UnitTests.Common.Primitives.DomainObjects.ValueObjectTests.GetHashCode_WithDifferentValueObjects_ReturnsDifferentHashCode" computerName="3cef7e455965" duration="00:00:00.0001560" startTime="2024-05-09T04:17:09.9097041+00:00" endTime="2024-05-09T04:17:09.9097041+00:00" testType="13cdc9d9-ddb5-4fa4-a97d-d965ccfc6d4b" outcome="Passed" testListId="8c84fa94-04c1-424b-9868-57a2d4851a1d" relativeResultsDirectory="becdb2a5-c92f-48bd-ab6b-dda96c85b2fb" />
  </Results>
  <TestDefinitions>
    <UnitTest name="CleanArchitecture.UnitTests.Common.Primitives.DomainObjects.EntityTests.Entity_NotEqualsOperator_ReturnsFalse" storage="/workspaces/clean-architecture/sources/cleanarchitecture/tests/cleanarchitecture.unittests/bin/debug/net8.0/cleanarchitecture.unittests.dll" id="2cf2bc2f-df54-030f-a33d-eb115b93dcda">
      <Execution id="f1fb76f9-5555-4c69-95e8-952e4b5cc272" />
      <TestMethod codeBase="/workspaces/clean-architecture/sources/CleanArchitecture/tests/CleanArchitecture.UnitTests/bin/Debug/net8.0/CleanArchitecture.UnitTests.dll" adapterTypeName="executor://xunit/VsTestRunner2/netcoreapp" className="CleanArchitecture.UnitTests.Common.Primitives.DomainObjects.EntityTests" name="Entity_NotEqualsOperator_ReturnsFalse" />
    </UnitTest>
    <UnitTest name="CleanArchitecture.UnitTests.Common.Primitives.DomainObjects.EntityTests.Entity_Equals_ReturnsFalseForNullDifferentType" storage="/workspaces/clean-architecture/sources/cleanarchitecture/tests/cleanarchitecture.unittests/bin/debug/net8.0/cleanarchitecture.unittests.dll" id="29aa9d2d-611c-d2bf-d8e5-4c2d56fac7d2">
      <Execution id="2503a63e-2807-4716-b29a-3082c5f330ac" />
      <TestMethod codeBase="/workspaces/clean-architecture/sources/CleanArchitecture/tests/CleanArchitecture.UnitTests/bin/Debug/net8.0/CleanArchitecture.UnitTests.dll" adapterTypeName="executor://xunit/VsTestRunner2/netcoreapp" className="CleanArchitecture.UnitTests.Common.Primitives.DomainObjects.EntityTests" name="Entity_Equals_ReturnsFalseForNullDifferentType" />
    </UnitTest>
    <UnitTest name="CleanArchitecture.UnitTests.Common.Primitives.DomainObjects.EntityTests.Entity_EqualsOperator_ReturnsFalse" storage="/workspaces/clean-architecture/sources/cleanarchitecture/tests/cleanarchitecture.unittests/bin/debug/net8.0/cleanarchitecture.unittests.dll" id="28fd1f1a-4c92-0b3f-07f3-ca684e43a641">
      <Execution id="04889439-3761-4893-9a13-15cac8296e95" />
      <TestMethod codeBase="/workspaces/clean-architecture/sources/CleanArchitecture/tests/CleanArchitecture.UnitTests/bin/Debug/net8.0/CleanArchitecture.UnitTests.dll" adapterTypeName="executor://xunit/VsTestRunner2/netcoreapp" className="CleanArchitecture.UnitTests.Common.Primitives.DomainObjects.EntityTests" name="Entity_EqualsOperator_ReturnsFalse" />
    </UnitTest>
    <UnitTest name="CleanArchitecture.UnitTests.Common.Primitives.DomainObjects.EntityTests.Entity_Equals_ReturnsFalseForSameReference" storage="/workspaces/clean-architecture/sources/cleanarchitecture/tests/cleanarchitecture.unittests/bin/debug/net8.0/cleanarchitecture.unittests.dll" id="c997ebe7-9022-1204-ff9d-851dc5617bf8">
      <Execution id="b6e83bdf-97d3-4c47-818b-a3a55b8b4eab" />
      <TestMethod codeBase="/workspaces/clean-architecture/sources/CleanArchitecture/tests/CleanArchitecture.UnitTests/bin/Debug/net8.0/CleanArchitecture.UnitTests.dll" adapterTypeName="executor://xunit/VsTestRunner2/netcoreapp" className="CleanArchitecture.UnitTests.Common.Primitives.DomainObjects.EntityTests" name="Entity_Equals_ReturnsFalseForSameReference" />
    </UnitTest>
    <UnitTest name="CleanArchitecture.UnitTests.Common.Primitives.DomainObjects.ValueObjectTests.GetHashCode_WithEqualValueObjects_ReturnsSameHashCode" storage="/workspaces/clean-architecture/sources/cleanarchitecture/tests/cleanarchitecture.unittests/bin/debug/net8.0/cleanarchitecture.unittests.dll" id="1912739d-364c-f430-22ca-c8ea855776a1">
      <Execution id="a3ffdd2f-efe2-4278-bde2-145d8e8c8f2c" />
      <TestMethod codeBase="/workspaces/clean-architecture/sources/CleanArchitecture/tests/CleanArchitecture.UnitTests/bin/Debug/net8.0/CleanArchitecture.UnitTests.dll" adapterTypeName="executor://xunit/VsTestRunner2/netcoreapp" className="CleanArchitecture.UnitTests.Common.Primitives.DomainObjects.ValueObjectTests" name="GetHashCode_WithEqualValueObjects_ReturnsSameHashCode" />
    </UnitTest>
    <UnitTest name="CleanArchitecture.UnitTests.Common.Primitives.DomainObjects.EntityTests.Entity_Equals_ReturnsFalse" storage="/workspaces/clean-architecture/sources/cleanarchitecture/tests/cleanarchitecture.unittests/bin/debug/net8.0/cleanarchitecture.unittests.dll" id="67d72661-1ff2-d2bb-d80f-3971054ffbd5">
      <Execution id="51cf73ec-11ff-4418-8ea8-c5c6fee89580" />
      <TestMethod codeBase="/workspaces/clean-architecture/sources/CleanArchitecture/tests/CleanArchitecture.UnitTests/bin/Debug/net8.0/CleanArchitecture.UnitTests.dll" adapterTypeName="executor://xunit/VsTestRunner2/netcoreapp" className="CleanArchitecture.UnitTests.Common.Primitives.DomainObjects.EntityTests" name="Entity_Equals_ReturnsFalse" />
    </UnitTest>
    <UnitTest name="CleanArchitecture.UnitTests.Common.Primitives.DomainObjects.EntityTests.Entity_Equals_ReturnsFalseForDifferentType" storage="/workspaces/clean-architecture/sources/cleanarchitecture/tests/cleanarchitecture.unittests/bin/debug/net8.0/cleanarchitecture.unittests.dll" id="eda757df-89c4-8c20-960e-67ca9e8c7fde">
      <Execution id="78279353-37d1-4f7f-be69-991873a9f4eb" />
      <TestMethod codeBase="/workspaces/clean-architecture/sources/CleanArchitecture/tests/CleanArchitecture.UnitTests/bin/Debug/net8.0/CleanArchitecture.UnitTests.dll" adapterTypeName="executor://xunit/VsTestRunner2/netcoreapp" className="CleanArchitecture.UnitTests.Common.Primitives.DomainObjects.EntityTests" name="Entity_Equals_ReturnsFalseForDifferentType" />
    </UnitTest>
    <UnitTest name="CleanArchitecture.UnitTests.Common.Primitives.DomainObjects.ValueObjectTests.GetHashCode_WithDifferentValueObjects_ReturnsDifferentHashCode" storage="/workspaces/clean-architecture/sources/cleanarchitecture/tests/cleanarchitecture.unittests/bin/debug/net8.0/cleanarchitecture.unittests.dll" id="1ca9ffbf-fef8-c78f-735c-0719d79da2f4">
      <Execution id="becdb2a5-c92f-48bd-ab6b-dda96c85b2fb" />
      <TestMethod codeBase="/workspaces/clean-architecture/sources/CleanArchitecture/tests/CleanArchitecture.UnitTests/bin/Debug/net8.0/CleanArchitecture.UnitTests.dll" adapterTypeName="executor://xunit/VsTestRunner2/netcoreapp" className="CleanArchitecture.UnitTests.Common.Primitives.DomainObjects.ValueObjectTests" name="GetHashCode_WithDifferentValueObjects_ReturnsDifferentHashCode" />
    </UnitTest>
    <UnitTest name="CleanArchitecture.UnitTests.Common.Primitives.DomainObjects.EntityTests.Entity_EqualsOperator_ReturnsTrue" storage="/workspaces/clean-architecture/sources/cleanarchitecture/tests/cleanarchitecture.unittests/bin/debug/net8.0/cleanarchitecture.unittests.dll" id="4b18a758-56b0-ca1e-a681-3233f9c4d49c">
      <Execution id="ba6b1b03-360f-44d8-8704-39799b744d4e" />
      <TestMethod codeBase="/workspaces/clean-architecture/sources/CleanArchitecture/tests/CleanArchitecture.UnitTests/bin/Debug/net8.0/CleanArchitecture.UnitTests.dll" adapterTypeName="executor://xunit/VsTestRunner2/netcoreapp" className="CleanArchitecture.UnitTests.Common.Primitives.DomainObjects.EntityTests" name="Entity_EqualsOperator_ReturnsTrue" />
    </UnitTest>
    <UnitTest name="CleanArchitecture.UnitTests.Common.Primitives.DomainObjects.EntityTests.Entity_Equals_ReturnsTrueForReferenceEqualsObject" storage="/workspaces/clean-architecture/sources/cleanarchitecture/tests/cleanarchitecture.unittests/bin/debug/net8.0/cleanarchitecture.unittests.dll" id="8c834366-b385-e80d-36cc-fd8931552240">
      <Execution id="0addfe7d-c911-439a-a487-79d4e5afdb60" />
      <TestMethod codeBase="/workspaces/clean-architecture/sources/CleanArchitecture/tests/CleanArchitecture.UnitTests/bin/Debug/net8.0/CleanArchitecture.UnitTests.dll" adapterTypeName="executor://xunit/VsTestRunner2/netcoreapp" className="CleanArchitecture.UnitTests.Common.Primitives.DomainObjects.EntityTests" name="Entity_Equals_ReturnsTrueForReferenceEqualsObject" />
    </UnitTest>
    <UnitTest name="CleanArchitecture.UnitTests.Common.Primitives.DomainObjects.EntityTests.Entity_NotEqualsOperator_ReturnsTrue" storage="/workspaces/clean-architecture/sources/cleanarchitecture/tests/cleanarchitecture.unittests/bin/debug/net8.0/cleanarchitecture.unittests.dll" id="005bf185-f699-4538-f247-ac4738afe6df">
      <Execution id="68478c13-88a6-4212-8d5f-1bd4a75643ac" />
      <TestMethod codeBase="/workspaces/clean-architecture/sources/CleanArchitecture/tests/CleanArchitecture.UnitTests/bin/Debug/net8.0/CleanArchitecture.UnitTests.dll" adapterTypeName="executor://xunit/VsTestRunner2/netcoreapp" className="CleanArchitecture.UnitTests.Common.Primitives.DomainObjects.EntityTests" name="Entity_NotEqualsOperator_ReturnsTrue" />
    </UnitTest>
    <UnitTest name="CleanArchitecture.UnitTests.Common.Primitives.DomainObjects.EntityTests.Entity_GetHashCode_ReturnsIdHashCode" storage="/workspaces/clean-architecture/sources/cleanarchitecture/tests/cleanarchitecture.unittests/bin/debug/net8.0/cleanarchitecture.unittests.dll" id="1d5a8dd1-49c2-4d62-e74b-cc9930504aae">
      <Execution id="dc5b3725-6ddb-40a5-9e28-32bba93a1f9a" />
      <TestMethod codeBase="/workspaces/clean-architecture/sources/CleanArchitecture/tests/CleanArchitecture.UnitTests/bin/Debug/net8.0/CleanArchitecture.UnitTests.dll" adapterTypeName="executor://xunit/VsTestRunner2/netcoreapp" className="CleanArchitecture.UnitTests.Common.Primitives.DomainObjects.EntityTests" name="Entity_GetHashCode_ReturnsIdHashCode" />
    </UnitTest>
    <UnitTest name="CleanArchitecture.UnitTests.Common.Primitives.DomainObjects.EntityTests.Entity_Equals_ReturnsTrue" storage="/workspaces/clean-architecture/sources/cleanarchitecture/tests/cleanarchitecture.unittests/bin/debug/net8.0/cleanarchitecture.unittests.dll" id="1fbdfe91-f2fd-3ab8-27e4-6f6b2e122d1b">
      <Execution id="c2f3bfe8-c598-4b92-9927-e675690ccfa5" />
      <TestMethod codeBase="/workspaces/clean-architecture/sources/CleanArchitecture/tests/CleanArchitecture.UnitTests/bin/Debug/net8.0/CleanArchitecture.UnitTests.dll" adapterTypeName="executor://xunit/VsTestRunner2/netcoreapp" className="CleanArchitecture.UnitTests.Common.Primitives.DomainObjects.EntityTests" name="Entity_Equals_ReturnsTrue" />
    </UnitTest>
    <UnitTest name="CleanArchitecture.UnitTests.Common.Primitives.DomainObjects.EntityTests.Entity_Clone_ReturnsSameEntity" storage="/workspaces/clean-architecture/sources/cleanarchitecture/tests/cleanarchitecture.unittests/bin/debug/net8.0/cleanarchitecture.unittests.dll" id="cc102f76-a46d-1479-ec9e-ce49dff0467e">
      <Execution id="854366c1-4fc9-4079-9c62-1ab6102de879" />
      <TestMethod codeBase="/workspaces/clean-architecture/sources/CleanArchitecture/tests/CleanArchitecture.UnitTests/bin/Debug/net8.0/CleanArchitecture.UnitTests.dll" adapterTypeName="executor://xunit/VsTestRunner2/netcoreapp" className="CleanArchitecture.UnitTests.Common.Primitives.DomainObjects.EntityTests" name="Entity_Clone_ReturnsSameEntity" />
    </UnitTest>
    <UnitTest name="CleanArchitecture.UnitTests.Common.Primitives.DomainObjects.EntityTests.Entity_Equals_ReturnsFalseForNull" storage="/workspaces/clean-architecture/sources/cleanarchitecture/tests/cleanarchitecture.unittests/bin/debug/net8.0/cleanarchitecture.unittests.dll" id="645e9e03-9241-be3b-5c6f-7e10563b4372">
      <Execution id="8b6c9c8e-d832-49ae-81c3-5de09b00b81a" />
      <TestMethod codeBase="/workspaces/clean-architecture/sources/CleanArchitecture/tests/CleanArchitecture.UnitTests/bin/Debug/net8.0/CleanArchitecture.UnitTests.dll" adapterTypeName="executor://xunit/VsTestRunner2/netcoreapp" className="CleanArchitecture.UnitTests.Common.Primitives.DomainObjects.EntityTests" name="Entity_Equals_ReturnsFalseForNull" />
    </UnitTest>
    <UnitTest name="CleanArchitecture.UnitTests.Common.Primitives.DomainObjects.ValueObjectTests.Equals_WithDifferentValueObjects_ReturnsFalse" storage="/workspaces/clean-architecture/sources/cleanarchitecture/tests/cleanarchitecture.unittests/bin/debug/net8.0/cleanarchitecture.unittests.dll" id="93527e5d-510b-daed-5ac7-96f771220ccc">
      <Execution id="c6a9a1d8-180f-4de3-a3da-272417bd1281" />
      <TestMethod codeBase="/workspaces/clean-architecture/sources/CleanArchitecture/tests/CleanArchitecture.UnitTests/bin/Debug/net8.0/CleanArchitecture.UnitTests.dll" adapterTypeName="executor://xunit/VsTestRunner2/netcoreapp" className="CleanArchitecture.UnitTests.Common.Primitives.DomainObjects.ValueObjectTests" name="Equals_WithDifferentValueObjects_ReturnsFalse" />
    </UnitTest>
    <UnitTest name="CleanArchitecture.UnitTests.Common.Primitives.DomainObjects.EntityTests.Entity_ToString_ReturnsTypeNameAndId" storage="/workspaces/clean-architecture/sources/cleanarchitecture/tests/cleanarchitecture.unittests/bin/debug/net8.0/cleanarchitecture.unittests.dll" id="aa9cdc32-fbdf-399c-8974-b4a7a23fa0f1">
      <Execution id="7c1dd76e-38f9-4dac-81ee-7399525477b7" />
      <TestMethod codeBase="/workspaces/clean-architecture/sources/CleanArchitecture/tests/CleanArchitecture.UnitTests/bin/Debug/net8.0/CleanArchitecture.UnitTests.dll" adapterTypeName="executor://xunit/VsTestRunner2/netcoreapp" className="CleanArchitecture.UnitTests.Common.Primitives.DomainObjects.EntityTests" name="Entity_ToString_ReturnsTypeNameAndId" />
    </UnitTest>
    <UnitTest name="CleanArchitecture.UnitTests.Common.Primitives.DomainObjects.ValueObjectTests.Equals_WithEqualValueObjects_ReturnsTrue" storage="/workspaces/clean-architecture/sources/cleanarchitecture/tests/cleanarchitecture.unittests/bin/debug/net8.0/cleanarchitecture.unittests.dll" id="09b54a74-48bc-aa50-13c8-d9f60835ad3a">
      <Execution id="baba131a-da19-4782-9551-3e08de82aa78" />
      <TestMethod codeBase="/workspaces/clean-architecture/sources/CleanArchitecture/tests/CleanArchitecture.UnitTests/bin/Debug/net8.0/CleanArchitecture.UnitTests.dll" adapterTypeName="executor://xunit/VsTestRunner2/netcoreapp" className="CleanArchitecture.UnitTests.Common.Primitives.DomainObjects.ValueObjectTests" name="Equals_WithEqualValueObjects_ReturnsTrue" />
    </UnitTest>
  </TestDefinitions>
  <TestEntries>
    <TestEntry testId="1912739d-364c-f430-22ca-c8ea855776a1" executionId="a3ffdd2f-efe2-4278-bde2-145d8e8c8f2c" testListId="8c84fa94-04c1-424b-9868-57a2d4851a1d" />
    <TestEntry testId="67d72661-1ff2-d2bb-d80f-3971054ffbd5" executionId="51cf73ec-11ff-4418-8ea8-c5c6fee89580" testListId="8c84fa94-04c1-424b-9868-57a2d4851a1d" />
    <TestEntry testId="cc102f76-a46d-1479-ec9e-ce49dff0467e" executionId="854366c1-4fc9-4079-9c62-1ab6102de879" testListId="8c84fa94-04c1-424b-9868-57a2d4851a1d" />
    <TestEntry testId="4b18a758-56b0-ca1e-a681-3233f9c4d49c" executionId="ba6b1b03-360f-44d8-8704-39799b744d4e" testListId="8c84fa94-04c1-424b-9868-57a2d4851a1d" />
    <TestEntry testId="29aa9d2d-611c-d2bf-d8e5-4c2d56fac7d2" executionId="2503a63e-2807-4716-b29a-3082c5f330ac" testListId="8c84fa94-04c1-424b-9868-57a2d4851a1d" />
    <TestEntry testId="1fbdfe91-f2fd-3ab8-27e4-6f6b2e122d1b" executionId="c2f3bfe8-c598-4b92-9927-e675690ccfa5" testListId="8c84fa94-04c1-424b-9868-57a2d4851a1d" />
    <TestEntry testId="8c834366-b385-e80d-36cc-fd8931552240" executionId="0addfe7d-c911-439a-a487-79d4e5afdb60" testListId="8c84fa94-04c1-424b-9868-57a2d4851a1d" />
    <TestEntry testId="eda757df-89c4-8c20-960e-67ca9e8c7fde" executionId="78279353-37d1-4f7f-be69-991873a9f4eb" testListId="8c84fa94-04c1-424b-9868-57a2d4851a1d" />
    <TestEntry testId="93527e5d-510b-daed-5ac7-96f771220ccc" executionId="c6a9a1d8-180f-4de3-a3da-272417bd1281" testListId="8c84fa94-04c1-424b-9868-57a2d4851a1d" />
    <TestEntry testId="005bf185-f699-4538-f247-ac4738afe6df" executionId="68478c13-88a6-4212-8d5f-1bd4a75643ac" testListId="8c84fa94-04c1-424b-9868-57a2d4851a1d" />
    <TestEntry testId="2cf2bc2f-df54-030f-a33d-eb115b93dcda" executionId="f1fb76f9-5555-4c69-95e8-952e4b5cc272" testListId="8c84fa94-04c1-424b-9868-57a2d4851a1d" />
    <TestEntry testId="28fd1f1a-4c92-0b3f-07f3-ca684e43a641" executionId="04889439-3761-4893-9a13-15cac8296e95" testListId="8c84fa94-04c1-424b-9868-57a2d4851a1d" />
    <TestEntry testId="1d5a8dd1-49c2-4d62-e74b-cc9930504aae" executionId="dc5b3725-6ddb-40a5-9e28-32bba93a1f9a" testListId="8c84fa94-04c1-424b-9868-57a2d4851a1d" />
    <TestEntry testId="645e9e03-9241-be3b-5c6f-7e10563b4372" executionId="8b6c9c8e-d832-49ae-81c3-5de09b00b81a" testListId="8c84fa94-04c1-424b-9868-57a2d4851a1d" />
    <TestEntry testId="aa9cdc32-fbdf-399c-8974-b4a7a23fa0f1" executionId="7c1dd76e-38f9-4dac-81ee-7399525477b7" testListId="8c84fa94-04c1-424b-9868-57a2d4851a1d" />
    <TestEntry testId="09b54a74-48bc-aa50-13c8-d9f60835ad3a" executionId="baba131a-da19-4782-9551-3e08de82aa78" testListId="8c84fa94-04c1-424b-9868-57a2d4851a1d" />
    <TestEntry testId="c997ebe7-9022-1204-ff9d-851dc5617bf8" executionId="b6e83bdf-97d3-4c47-818b-a3a55b8b4eab" testListId="8c84fa94-04c1-424b-9868-57a2d4851a1d" />
    <TestEntry testId="1ca9ffbf-fef8-c78f-735c-0719d79da2f4" executionId="becdb2a5-c92f-48bd-ab6b-dda96c85b2fb" testListId="8c84fa94-04c1-424b-9868-57a2d4851a1d" />
  </TestEntries>
  <TestLists>
    <TestList name="Results Not in a List" id="8c84fa94-04c1-424b-9868-57a2d4851a1d" />
    <TestList name="All Loaded Results" id="19431567-8539-422a-85d7-44ee4e166bda" />
  </TestLists>
  <ResultSummary outcome="Completed">
    <Counters total="18" executed="18" passed="18" failed="0" error="0" timeout="0" aborted="0" inconclusive="0" passedButRunAborted="0" notRunnable="0" notExecuted="0" disconnected="0" warning="0" completed="0" inProgress="0" pending="0" />
    <Output>
      <StdOut>[xUnit.net 00:00:00.00] xUnit.net VSTest Adapter v2.4.5+1caef2f33e (64-bit .NET 8.0.4)
[xUnit.net 00:00:00.22]   Discovering: CleanArchitecture.UnitTests
[xUnit.net 00:00:00.23]   Discovered:  CleanArchitecture.UnitTests
[xUnit.net 00:00:00.23]   Starting:    CleanArchitecture.UnitTests
[xUnit.net 00:00:00.27]   Finished:    CleanArchitecture.UnitTests
</StdOut>
    </Output>
  </ResultSummary>
</TestRun>