<?xml version="1.0" encoding="utf-8"?>
<TestRun id="929380d6-f784-447c-9531-7e7511a9a6b2" name="@3cef7e455965 2024-05-09 03:56:30" xmlns="http://microsoft.com/schemas/VisualStudio/TeamTest/2010">
  <Times creation="2024-05-09T03:56:30.5529787+00:00" queuing="2024-05-09T03:56:30.5529788+00:00" start="2024-05-09T03:56:30.0028124+00:00" finish="2024-05-09T03:56:30.5742258+00:00" />
  <TestSettings name="default" id="49f2abac-db11-4adb-a092-4b103dfaeaf2">
    <Deployment runDeploymentRoot="_3cef7e455965_2024-05-09_03_56_30" />
  </TestSettings>
  <Results>
    <UnitTestResult executionId="0f2dd841-207a-41f1-a501-998f2dc3e9c6" testId="1ca9ffbf-fef8-c78f-735c-0719d79da2f4" testName="CleanArchitecture.UnitTests.Common.Primitives.DomainObjects.ValueObjectTests.GetHashCode_WithDifferentValueObjects_ReturnsDifferentHashCode" computerName="3cef7e455965" duration="00:00:00.0001455" startTime="2024-05-09T03:56:30.5238345+00:00" endTime="2024-05-09T03:56:30.5238345+00:00" testType="13cdc9d9-ddb5-4fa4-a97d-d965ccfc6d4b" outcome="Passed" testListId="8c84fa94-04c1-424b-9868-57a2d4851a1d" relativeResultsDirectory="0f2dd841-207a-41f1-a501-998f2dc3e9c6" />
    <UnitTestResult executionId="7177ecee-bf59-4f9a-9d2d-2b7ab87b1712" testId="67d72661-1ff2-d2bb-d80f-3971054ffbd5" testName="CleanArchitecture.UnitTests.Common.Primitives.DomainObjects.EntityTests.Entity_Equals_ReturnsFalse" computerName="3cef7e455965" duration="00:00:00.0000448" startTime="2024-05-09T03:56:30.5363023+00:00" endTime="2024-05-09T03:56:30.5363023+00:00" testType="13cdc9d9-ddb5-4fa4-a97d-d965ccfc6d4b" outcome="Passed" testListId="8c84fa94-04c1-424b-9868-57a2d4851a1d" relativeResultsDirectory="7177ecee-bf59-4f9a-9d2d-2b7ab87b1712" />
    <UnitTestResult executionId="73ae9f83-c356-4f2f-843f-935bea2cc7f8" testId="aa9cdc32-fbdf-399c-8974-b4a7a23fa0f1" testName="CleanArchitecture.UnitTests.Common.Primitives.DomainObjects.EntityTests.Entity_ToString_ReturnsTypeNameAndId" computerName="3cef7e455965" duration="00:00:00.0011557" startTime="2024-05-09T03:56:30.5238700+00:00" endTime="2024-05-09T03:56:30.5238700+00:00" testType="13cdc9d9-ddb5-4fa4-a97d-d965ccfc6d4b" outcome="Passed" testListId="8c84fa94-04c1-424b-9868-57a2d4851a1d" relativeResultsDirectory="73ae9f83-c356-4f2f-843f-935bea2cc7f8" />
    <UnitTestResult executionId="1ad3484a-34c7-4809-86b1-0c982fa62780" testId="cc102f76-a46d-1479-ec9e-ce49dff0467e" testName="CleanArchitecture.UnitTests.Common.Primitives.DomainObjects.EntityTests.Entity_Clone_ReturnsSameEntity" computerName="3cef7e455965" duration="00:00:00.0005749" startTime="2024-05-09T03:56:30.5238427+00:00" endTime="2024-05-09T03:56:30.5238428+00:00" testType="13cdc9d9-ddb5-4fa4-a97d-d965ccfc6d4b" outcome="Passed" testListId="8c84fa94-04c1-424b-9868-57a2d4851a1d" relativeResultsDirectory="1ad3484a-34c7-4809-86b1-0c982fa62780" />
    <UnitTestResult executionId="16ff5722-cdf8-452a-a5d1-be04ec1fe0e2" testId="005bf185-f699-4538-f247-ac4738afe6df" testName="CleanArchitecture.UnitTests.Common.Primitives.DomainObjects.EntityTests.Entity_NotEqualsOperator_ReturnsTrue" computerName="3cef7e455965" duration="00:00:00.0000587" startTime="2024-05-09T03:56:30.5237879+00:00" endTime="2024-05-09T03:56:30.5237879+00:00" testType="13cdc9d9-ddb5-4fa4-a97d-d965ccfc6d4b" outcome="Passed" testListId="8c84fa94-04c1-424b-9868-57a2d4851a1d" relativeResultsDirectory="16ff5722-cdf8-452a-a5d1-be04ec1fe0e2" />
    <UnitTestResult executionId="8f51d55f-be1c-4056-8616-ad377b7dbbbe" testId="2cf2bc2f-df54-030f-a33d-eb115b93dcda" testName="CleanArchitecture.UnitTests.Common.Primitives.DomainObjects.EntityTests.Entity_NotEqualsOperator_ReturnsFalse" computerName="3cef7e455965" duration="00:00:00.0042476" startTime="2024-05-09T03:56:30.5216765+00:00" endTime="2024-05-09T03:56:30.5216884+00:00" testType="13cdc9d9-ddb5-4fa4-a97d-d965ccfc6d4b" outcome="Passed" testListId="8c84fa94-04c1-424b-9868-57a2d4851a1d" relativeResultsDirectory="8f51d55f-be1c-4056-8616-ad377b7dbbbe" />
    <UnitTestResult executionId="3f804198-db4d-44fd-be70-70ff31e4fce0" testId="28fd1f1a-4c92-0b3f-07f3-ca684e43a641" testName="CleanArchitecture.UnitTests.Common.Primitives.DomainObjects.EntityTests.Entity_EqualsOperator_ReturnsFalse" computerName="3cef7e455965" duration="00:00:00.0000501" startTime="2024-05-09T03:56:30.5362694+00:00" endTime="2024-05-09T03:56:30.5362694+00:00" testType="13cdc9d9-ddb5-4fa4-a97d-d965ccfc6d4b" outcome="Passed" testListId="8c84fa94-04c1-424b-9868-57a2d4851a1d" relativeResultsDirectory="3f804198-db4d-44fd-be70-70ff31e4fce0" />
    <UnitTestResult executionId="94175a89-6d12-44bd-9536-24934cb856d8" testId="eda757df-89c4-8c20-960e-67ca9e8c7fde" testName="CleanArchitecture.UnitTests.Common.Primitives.DomainObjects.EntityTests.Entity_Equals_ReturnsFalseForDifferentType" computerName="3cef7e455965" duration="00:00:00.0000472" startTime="2024-05-09T03:56:30.5362503+00:00" endTime="2024-05-09T03:56:30.5362503+00:00" testType="13cdc9d9-ddb5-4fa4-a97d-d965ccfc6d4b" outcome="Passed" testListId="8c84fa94-04c1-424b-9868-57a2d4851a1d" relativeResultsDirectory="94175a89-6d12-44bd-9536-24934cb856d8" />
    <UnitTestResult executionId="87ccf65a-13ce-43d1-bfa8-bd2e22ca323c" testId="1fbdfe91-f2fd-3ab8-27e4-6f6b2e122d1b" testName="CleanArchitecture.UnitTests.Common.Primitives.DomainObjects.EntityTests.Entity_Equals_ReturnsTrue" computerName="3cef7e455965" duration="00:00:00.0001629" startTime="2024-05-09T03:56:30.5236522+00:00" endTime="2024-05-09T03:56:30.5236523+00:00" testType="13cdc9d9-ddb5-4fa4-a97d-d965ccfc6d4b" outcome="Passed" testListId="8c84fa94-04c1-424b-9868-57a2d4851a1d" relativeResultsDirectory="87ccf65a-13ce-43d1-bfa8-bd2e22ca323c" />
    <UnitTestResult executionId="19f64e85-4464-4224-93d1-2eb97a1886de" testId="93527e5d-510b-daed-5ac7-96f771220ccc" testName="CleanArchitecture.UnitTests.Common.Primitives.DomainObjects.ValueObjectTests.Equals_WithDifferentValueObjects_ReturnsFalse" computerName="3cef7e455965" duration="00:00:00.0000601" startTime="2024-05-09T03:56:30.5238178+00:00" endTime="2024-05-09T03:56:30.5238178+00:00" testType="13cdc9d9-ddb5-4fa4-a97d-d965ccfc6d4b" outcome="Passed" testListId="8c84fa94-04c1-424b-9868-57a2d4851a1d" relativeResultsDirectory="19f64e85-4464-4224-93d1-2eb97a1886de" />
    <UnitTestResult executionId="33ad94e1-843e-40ca-bdba-f339e8615a0f" testId="4b18a758-56b0-ca1e-a681-3233f9c4d49c" testName="CleanArchitecture.UnitTests.Common.Primitives.DomainObjects.EntityTests.Entity_EqualsOperator_ReturnsTrue" computerName="3cef7e455965" duration="00:00:00.0000742" startTime="2024-05-09T03:56:30.5362319+00:00" endTime="2024-05-09T03:56:30.5362320+00:00" testType="13cdc9d9-ddb5-4fa4-a97d-d965ccfc6d4b" outcome="Passed" testListId="8c84fa94-04c1-424b-9868-57a2d4851a1d" relativeResultsDirectory="33ad94e1-843e-40ca-bdba-f339e8615a0f" />
    <UnitTestResult executionId="0477262b-e00a-4410-a89b-40b539a45a89" testId="09b54a74-48bc-aa50-13c8-d9f60835ad3a" testName="CleanArchitecture.UnitTests.Common.Primitives.DomainObjects.ValueObjectTests.Equals_WithEqualValueObjects_ReturnsTrue" computerName="3cef7e455965" duration="00:00:00.0002430" startTime="2024-05-09T03:56:30.5237793+00:00" endTime="2024-05-09T03:56:30.5237793+00:00" testType="13cdc9d9-ddb5-4fa4-a97d-d965ccfc6d4b" outcome="Passed" testListId="8c84fa94-04c1-424b-9868-57a2d4851a1d" relativeResultsDirectory="0477262b-e00a-4410-a89b-40b539a45a89" />
    <UnitTestResult executionId="0fa759f2-81ea-4d05-abcc-4d46aa3ec66b" testId="645e9e03-9241-be3b-5c6f-7e10563b4372" testName="CleanArchitecture.UnitTests.Common.Primitives.DomainObjects.EntityTests.Entity_Equals_ReturnsFalseForNull" computerName="3cef7e455965" duration="00:00:00.0000626" startTime="2024-05-09T03:56:30.5361471+00:00" endTime="2024-05-09T03:56:30.5361472+00:00" testType="13cdc9d9-ddb5-4fa4-a97d-d965ccfc6d4b" outcome="Passed" testListId="8c84fa94-04c1-424b-9868-57a2d4851a1d" relativeResultsDirectory="0fa759f2-81ea-4d05-abcc-4d46aa3ec66b" />
    <UnitTestResult executionId="c05308e2-a9fe-455c-a00b-1d73dbafc3aa" testId="1912739d-364c-f430-22ca-c8ea855776a1" testName="CleanArchitecture.UnitTests.Common.Primitives.DomainObjects.ValueObjectTests.GetHashCode_WithEqualValueObjects_ReturnsSameHashCode" computerName="3cef7e455965" duration="00:00:00.0042925" startTime="2024-05-09T03:56:30.5231318+00:00" endTime="2024-05-09T03:56:30.5231318+00:00" testType="13cdc9d9-ddb5-4fa4-a97d-d965ccfc6d4b" outcome="Passed" testListId="8c84fa94-04c1-424b-9868-57a2d4851a1d" relativeResultsDirectory="c05308e2-a9fe-455c-a00b-1d73dbafc3aa" />
    <UnitTestResult executionId="d6e4846d-3aaf-42a0-aa9c-f1e1261c5092" testId="1d5a8dd1-49c2-4d62-e74b-cc9930504aae" testName="CleanArchitecture.UnitTests.Common.Primitives.DomainObjects.EntityTests.Entity_GetHashCode_ReturnsIdHashCode" computerName="3cef7e455965" duration="00:00:00.0000747" startTime="2024-05-09T03:56:30.5362855+00:00" endTime="2024-05-09T03:56:30.5362855+00:00" testType="13cdc9d9-ddb5-4fa4-a97d-d965ccfc6d4b" outcome="Passed" testListId="8c84fa94-04c1-424b-9868-57a2d4851a1d" relativeResultsDirectory="d6e4846d-3aaf-42a0-aa9c-f1e1261c5092" />
  </Results>
  <TestDefinitions>
    <UnitTest name="CleanArchitecture.UnitTests.Common.Primitives.DomainObjects.EntityTests.Entity_NotEqualsOperator_ReturnsFalse" storage="/workspaces/clean-architecture/sources/cleanarchitecture/tests/cleanarchitecture.unittests/bin/debug/net8.0/cleanarchitecture.unittests.dll" id="2cf2bc2f-df54-030f-a33d-eb115b93dcda">
      <Execution id="8f51d55f-be1c-4056-8616-ad377b7dbbbe" />
      <TestMethod codeBase="/workspaces/clean-architecture/sources/CleanArchitecture/tests/CleanArchitecture.UnitTests/bin/Debug/net8.0/CleanArchitecture.UnitTests.dll" adapterTypeName="executor://xunit/VsTestRunner2/netcoreapp" className="CleanArchitecture.UnitTests.Common.Primitives.DomainObjects.EntityTests" name="Entity_NotEqualsOperator_ReturnsFalse" />
    </UnitTest>
    <UnitTest name="CleanArchitecture.UnitTests.Common.Primitives.DomainObjects.EntityTests.Entity_EqualsOperator_ReturnsFalse" storage="/workspaces/clean-architecture/sources/cleanarchitecture/tests/cleanarchitecture.unittests/bin/debug/net8.0/cleanarchitecture.unittests.dll" id="28fd1f1a-4c92-0b3f-07f3-ca684e43a641">
      <Execution id="3f804198-db4d-44fd-be70-70ff31e4fce0" />
      <TestMethod codeBase="/workspaces/clean-architecture/sources/CleanArchitecture/tests/CleanArchitecture.UnitTests/bin/Debug/net8.0/CleanArchitecture.UnitTests.dll" adapterTypeName="executor://xunit/VsTestRunner2/netcoreapp" className="CleanArchitecture.UnitTests.Common.Primitives.DomainObjects.EntityTests" name="Entity_EqualsOperator_ReturnsFalse" />
    </UnitTest>
    <UnitTest name="CleanArchitecture.UnitTests.Common.Primitives.DomainObjects.ValueObjectTests.GetHashCode_WithEqualValueObjects_ReturnsSameHashCode" storage="/workspaces/clean-architecture/sources/cleanarchitecture/tests/cleanarchitecture.unittests/bin/debug/net8.0/cleanarchitecture.unittests.dll" id="1912739d-364c-f430-22ca-c8ea855776a1">
      <Execution id="c05308e2-a9fe-455c-a00b-1d73dbafc3aa" />
      <TestMethod codeBase="/workspaces/clean-architecture/sources/CleanArchitecture/tests/CleanArchitecture.UnitTests/bin/Debug/net8.0/CleanArchitecture.UnitTests.dll" adapterTypeName="executor://xunit/VsTestRunner2/netcoreapp" className="CleanArchitecture.UnitTests.Common.Primitives.DomainObjects.ValueObjectTests" name="GetHashCode_WithEqualValueObjects_ReturnsSameHashCode" />
    </UnitTest>
    <UnitTest name="CleanArchitecture.UnitTests.Common.Primitives.DomainObjects.EntityTests.Entity_Equals_ReturnsFalse" storage="/workspaces/clean-architecture/sources/cleanarchitecture/tests/cleanarchitecture.unittests/bin/debug/net8.0/cleanarchitecture.unittests.dll" id="67d72661-1ff2-d2bb-d80f-3971054ffbd5">
      <Execution id="7177ecee-bf59-4f9a-9d2d-2b7ab87b1712" />
      <TestMethod codeBase="/workspaces/clean-architecture/sources/CleanArchitecture/tests/CleanArchitecture.UnitTests/bin/Debug/net8.0/CleanArchitecture.UnitTests.dll" adapterTypeName="executor://xunit/VsTestRunner2/netcoreapp" className="CleanArchitecture.UnitTests.Common.Primitives.DomainObjects.EntityTests" name="Entity_Equals_ReturnsFalse" />
    </UnitTest>
    <UnitTest name="CleanArchitecture.UnitTests.Common.Primitives.DomainObjects.EntityTests.Entity_Equals_ReturnsFalseForDifferentType" storage="/workspaces/clean-architecture/sources/cleanarchitecture/tests/cleanarchitecture.unittests/bin/debug/net8.0/cleanarchitecture.unittests.dll" id="eda757df-89c4-8c20-960e-67ca9e8c7fde">
      <Execution id="94175a89-6d12-44bd-9536-24934cb856d8" />
      <TestMethod codeBase="/workspaces/clean-architecture/sources/CleanArchitecture/tests/CleanArchitecture.UnitTests/bin/Debug/net8.0/CleanArchitecture.UnitTests.dll" adapterTypeName="executor://xunit/VsTestRunner2/netcoreapp" className="CleanArchitecture.UnitTests.Common.Primitives.DomainObjects.EntityTests" name="Entity_Equals_ReturnsFalseForDifferentType" />
    </UnitTest>
    <UnitTest name="CleanArchitecture.UnitTests.Common.Primitives.DomainObjects.ValueObjectTests.GetHashCode_WithDifferentValueObjects_ReturnsDifferentHashCode" storage="/workspaces/clean-architecture/sources/cleanarchitecture/tests/cleanarchitecture.unittests/bin/debug/net8.0/cleanarchitecture.unittests.dll" id="1ca9ffbf-fef8-c78f-735c-0719d79da2f4">
      <Execution id="0f2dd841-207a-41f1-a501-998f2dc3e9c6" />
      <TestMethod codeBase="/workspaces/clean-architecture/sources/CleanArchitecture/tests/CleanArchitecture.UnitTests/bin/Debug/net8.0/CleanArchitecture.UnitTests.dll" adapterTypeName="executor://xunit/VsTestRunner2/netcoreapp" className="CleanArchitecture.UnitTests.Common.Primitives.DomainObjects.ValueObjectTests" name="GetHashCode_WithDifferentValueObjects_ReturnsDifferentHashCode" />
    </UnitTest>
    <UnitTest name="CleanArchitecture.UnitTests.Common.Primitives.DomainObjects.EntityTests.Entity_EqualsOperator_ReturnsTrue" storage="/workspaces/clean-architecture/sources/cleanarchitecture/tests/cleanarchitecture.unittests/bin/debug/net8.0/cleanarchitecture.unittests.dll" id="4b18a758-56b0-ca1e-a681-3233f9c4d49c">
      <Execution id="33ad94e1-843e-40ca-bdba-f339e8615a0f" />
      <TestMethod codeBase="/workspaces/clean-architecture/sources/CleanArchitecture/tests/CleanArchitecture.UnitTests/bin/Debug/net8.0/CleanArchitecture.UnitTests.dll" adapterTypeName="executor://xunit/VsTestRunner2/netcoreapp" className="CleanArchitecture.UnitTests.Common.Primitives.DomainObjects.EntityTests" name="Entity_EqualsOperator_ReturnsTrue" />
    </UnitTest>
    <UnitTest name="CleanArchitecture.UnitTests.Common.Primitives.DomainObjects.EntityTests.Entity_NotEqualsOperator_ReturnsTrue" storage="/workspaces/clean-architecture/sources/cleanarchitecture/tests/cleanarchitecture.unittests/bin/debug/net8.0/cleanarchitecture.unittests.dll" id="005bf185-f699-4538-f247-ac4738afe6df">
      <Execution id="16ff5722-cdf8-452a-a5d1-be04ec1fe0e2" />
      <TestMethod codeBase="/workspaces/clean-architecture/sources/CleanArchitecture/tests/CleanArchitecture.UnitTests/bin/Debug/net8.0/CleanArchitecture.UnitTests.dll" adapterTypeName="executor://xunit/VsTestRunner2/netcoreapp" className="CleanArchitecture.UnitTests.Common.Primitives.DomainObjects.EntityTests" name="Entity_NotEqualsOperator_ReturnsTrue" />
    </UnitTest>
    <UnitTest name="CleanArchitecture.UnitTests.Common.Primitives.DomainObjects.EntityTests.Entity_Equals_ReturnsTrue" storage="/workspaces/clean-architecture/sources/cleanarchitecture/tests/cleanarchitecture.unittests/bin/debug/net8.0/cleanarchitecture.unittests.dll" id="1fbdfe91-f2fd-3ab8-27e4-6f6b2e122d1b">
      <Execution id="87ccf65a-13ce-43d1-bfa8-bd2e22ca323c" />
      <TestMethod codeBase="/workspaces/clean-architecture/sources/CleanArchitecture/tests/CleanArchitecture.UnitTests/bin/Debug/net8.0/CleanArchitecture.UnitTests.dll" adapterTypeName="executor://xunit/VsTestRunner2/netcoreapp" className="CleanArchitecture.UnitTests.Common.Primitives.DomainObjects.EntityTests" name="Entity_Equals_ReturnsTrue" />
    </UnitTest>
    <UnitTest name="CleanArchitecture.UnitTests.Common.Primitives.DomainObjects.EntityTests.Entity_GetHashCode_ReturnsIdHashCode" storage="/workspaces/clean-architecture/sources/cleanarchitecture/tests/cleanarchitecture.unittests/bin/debug/net8.0/cleanarchitecture.unittests.dll" id="1d5a8dd1-49c2-4d62-e74b-cc9930504aae">
      <Execution id="d6e4846d-3aaf-42a0-aa9c-f1e1261c5092" />
      <TestMethod codeBase="/workspaces/clean-architecture/sources/CleanArchitecture/tests/CleanArchitecture.UnitTests/bin/Debug/net8.0/CleanArchitecture.UnitTests.dll" adapterTypeName="executor://xunit/VsTestRunner2/netcoreapp" className="CleanArchitecture.UnitTests.Common.Primitives.DomainObjects.EntityTests" name="Entity_GetHashCode_ReturnsIdHashCode" />
    </UnitTest>
    <UnitTest name="CleanArchitecture.UnitTests.Common.Primitives.DomainObjects.EntityTests.Entity_Clone_ReturnsSameEntity" storage="/workspaces/clean-architecture/sources/cleanarchitecture/tests/cleanarchitecture.unittests/bin/debug/net8.0/cleanarchitecture.unittests.dll" id="cc102f76-a46d-1479-ec9e-ce49dff0467e">
      <Execution id="1ad3484a-34c7-4809-86b1-0c982fa62780" />
      <TestMethod codeBase="/workspaces/clean-architecture/sources/CleanArchitecture/tests/CleanArchitecture.UnitTests/bin/Debug/net8.0/CleanArchitecture.UnitTests.dll" adapterTypeName="executor://xunit/VsTestRunner2/netcoreapp" className="CleanArchitecture.UnitTests.Common.Primitives.DomainObjects.EntityTests" name="Entity_Clone_ReturnsSameEntity" />
    </UnitTest>
    <UnitTest name="CleanArchitecture.UnitTests.Common.Primitives.DomainObjects.EntityTests.Entity_Equals_ReturnsFalseForNull" storage="/workspaces/clean-architecture/sources/cleanarchitecture/tests/cleanarchitecture.unittests/bin/debug/net8.0/cleanarchitecture.unittests.dll" id="645e9e03-9241-be3b-5c6f-7e10563b4372">
      <Execution id="0fa759f2-81ea-4d05-abcc-4d46aa3ec66b" />
      <TestMethod codeBase="/workspaces/clean-architecture/sources/CleanArchitecture/tests/CleanArchitecture.UnitTests/bin/Debug/net8.0/CleanArchitecture.UnitTests.dll" adapterTypeName="executor://xunit/VsTestRunner2/netcoreapp" className="CleanArchitecture.UnitTests.Common.Primitives.DomainObjects.EntityTests" name="Entity_Equals_ReturnsFalseForNull" />
    </UnitTest>
    <UnitTest name="CleanArchitecture.UnitTests.Common.Primitives.DomainObjects.ValueObjectTests.Equals_WithDifferentValueObjects_ReturnsFalse" storage="/workspaces/clean-architecture/sources/cleanarchitecture/tests/cleanarchitecture.unittests/bin/debug/net8.0/cleanarchitecture.unittests.dll" id="93527e5d-510b-daed-5ac7-96f771220ccc">
      <Execution id="19f64e85-4464-4224-93d1-2eb97a1886de" />
      <TestMethod codeBase="/workspaces/clean-architecture/sources/CleanArchitecture/tests/CleanArchitecture.UnitTests/bin/Debug/net8.0/CleanArchitecture.UnitTests.dll" adapterTypeName="executor://xunit/VsTestRunner2/netcoreapp" className="CleanArchitecture.UnitTests.Common.Primitives.DomainObjects.ValueObjectTests" name="Equals_WithDifferentValueObjects_ReturnsFalse" />
    </UnitTest>
    <UnitTest name="CleanArchitecture.UnitTests.Common.Primitives.DomainObjects.EntityTests.Entity_ToString_ReturnsTypeNameAndId" storage="/workspaces/clean-architecture/sources/cleanarchitecture/tests/cleanarchitecture.unittests/bin/debug/net8.0/cleanarchitecture.unittests.dll" id="aa9cdc32-fbdf-399c-8974-b4a7a23fa0f1">
      <Execution id="73ae9f83-c356-4f2f-843f-935bea2cc7f8" />
      <TestMethod codeBase="/workspaces/clean-architecture/sources/CleanArchitecture/tests/CleanArchitecture.UnitTests/bin/Debug/net8.0/CleanArchitecture.UnitTests.dll" adapterTypeName="executor://xunit/VsTestRunner2/netcoreapp" className="CleanArchitecture.UnitTests.Common.Primitives.DomainObjects.EntityTests" name="Entity_ToString_ReturnsTypeNameAndId" />
    </UnitTest>
    <UnitTest name="CleanArchitecture.UnitTests.Common.Primitives.DomainObjects.ValueObjectTests.Equals_WithEqualValueObjects_ReturnsTrue" storage="/workspaces/clean-architecture/sources/cleanarchitecture/tests/cleanarchitecture.unittests/bin/debug/net8.0/cleanarchitecture.unittests.dll" id="09b54a74-48bc-aa50-13c8-d9f60835ad3a">
      <Execution id="0477262b-e00a-4410-a89b-40b539a45a89" />
      <TestMethod codeBase="/workspaces/clean-architecture/sources/CleanArchitecture/tests/CleanArchitecture.UnitTests/bin/Debug/net8.0/CleanArchitecture.UnitTests.dll" adapterTypeName="executor://xunit/VsTestRunner2/netcoreapp" className="CleanArchitecture.UnitTests.Common.Primitives.DomainObjects.ValueObjectTests" name="Equals_WithEqualValueObjects_ReturnsTrue" />
    </UnitTest>
  </TestDefinitions>
  <TestEntries>
    <TestEntry testId="1ca9ffbf-fef8-c78f-735c-0719d79da2f4" executionId="0f2dd841-207a-41f1-a501-998f2dc3e9c6" testListId="8c84fa94-04c1-424b-9868-57a2d4851a1d" />
    <TestEntry testId="67d72661-1ff2-d2bb-d80f-3971054ffbd5" executionId="7177ecee-bf59-4f9a-9d2d-2b7ab87b1712" testListId="8c84fa94-04c1-424b-9868-57a2d4851a1d" />
    <TestEntry testId="aa9cdc32-fbdf-399c-8974-b4a7a23fa0f1" executionId="73ae9f83-c356-4f2f-843f-935bea2cc7f8" testListId="8c84fa94-04c1-424b-9868-57a2d4851a1d" />
    <TestEntry testId="cc102f76-a46d-1479-ec9e-ce49dff0467e" executionId="1ad3484a-34c7-4809-86b1-0c982fa62780" testListId="8c84fa94-04c1-424b-9868-57a2d4851a1d" />
    <TestEntry testId="005bf185-f699-4538-f247-ac4738afe6df" executionId="16ff5722-cdf8-452a-a5d1-be04ec1fe0e2" testListId="8c84fa94-04c1-424b-9868-57a2d4851a1d" />
    <TestEntry testId="2cf2bc2f-df54-030f-a33d-eb115b93dcda" executionId="8f51d55f-be1c-4056-8616-ad377b7dbbbe" testListId="8c84fa94-04c1-424b-9868-57a2d4851a1d" />
    <TestEntry testId="28fd1f1a-4c92-0b3f-07f3-ca684e43a641" executionId="3f804198-db4d-44fd-be70-70ff31e4fce0" testListId="8c84fa94-04c1-424b-9868-57a2d4851a1d" />
    <TestEntry testId="eda757df-89c4-8c20-960e-67ca9e8c7fde" executionId="94175a89-6d12-44bd-9536-24934cb856d8" testListId="8c84fa94-04c1-424b-9868-57a2d4851a1d" />
    <TestEntry testId="1fbdfe91-f2fd-3ab8-27e4-6f6b2e122d1b" executionId="87ccf65a-13ce-43d1-bfa8-bd2e22ca323c" testListId="8c84fa94-04c1-424b-9868-57a2d4851a1d" />
    <TestEntry testId="93527e5d-510b-daed-5ac7-96f771220ccc" executionId="19f64e85-4464-4224-93d1-2eb97a1886de" testListId="8c84fa94-04c1-424b-9868-57a2d4851a1d" />
    <TestEntry testId="4b18a758-56b0-ca1e-a681-3233f9c4d49c" executionId="33ad94e1-843e-40ca-bdba-f339e8615a0f" testListId="8c84fa94-04c1-424b-9868-57a2d4851a1d" />
    <TestEntry testId="09b54a74-48bc-aa50-13c8-d9f60835ad3a" executionId="0477262b-e00a-4410-a89b-40b539a45a89" testListId="8c84fa94-04c1-424b-9868-57a2d4851a1d" />
    <TestEntry testId="645e9e03-9241-be3b-5c6f-7e10563b4372" executionId="0fa759f2-81ea-4d05-abcc-4d46aa3ec66b" testListId="8c84fa94-04c1-424b-9868-57a2d4851a1d" />
    <TestEntry testId="1912739d-364c-f430-22ca-c8ea855776a1" executionId="c05308e2-a9fe-455c-a00b-1d73dbafc3aa" testListId="8c84fa94-04c1-424b-9868-57a2d4851a1d" />
    <TestEntry testId="1d5a8dd1-49c2-4d62-e74b-cc9930504aae" executionId="d6e4846d-3aaf-42a0-aa9c-f1e1261c5092" testListId="8c84fa94-04c1-424b-9868-57a2d4851a1d" />
  </TestEntries>
  <TestLists>
    <TestList name="Results Not in a List" id="8c84fa94-04c1-424b-9868-57a2d4851a1d" />
    <TestList name="All Loaded Results" id="19431567-8539-422a-85d7-44ee4e166bda" />
  </TestLists>
  <ResultSummary outcome="Completed">
    <Counters total="15" executed="15" passed="15" failed="0" error="0" timeout="0" aborted="0" inconclusive="0" passedButRunAborted="0" notRunnable="0" notExecuted="0" disconnected="0" warning="0" completed="0" inProgress="0" pending="0" />
    <Output>
      <StdOut>[xUnit.net 00:00:00.00] xUnit.net VSTest Adapter v2.4.5+1caef2f33e (64-bit .NET 8.0.4)
[xUnit.net 00:00:00.21]   Discovering: CleanArchitecture.UnitTests
[xUnit.net 00:00:00.23]   Discovered:  CleanArchitecture.UnitTests
[xUnit.net 00:00:00.23]   Starting:    CleanArchitecture.UnitTests
[xUnit.net 00:00:00.27]   Finished:    CleanArchitecture.UnitTests
</StdOut>
    </Output>
  </ResultSummary>
</TestRun>