<?xml version="1.0" encoding="utf-8"?>
<TestRun id="cf89da44-8b3c-4377-ade4-618736a70506" name="@3cef7e455965 2024-05-09 04:00:57" xmlns="http://microsoft.com/schemas/VisualStudio/TeamTest/2010">
  <Times creation="2024-05-09T04:00:57.1538613+00:00" queuing="2024-05-09T04:00:57.1538613+00:00" start="2024-05-09T04:00:56.4535635+00:00" finish="2024-05-09T04:00:57.1766279+00:00" />
  <TestSettings name="default" id="d5ba8171-76b3-4caa-9aff-7833aec327b6">
    <Deployment runDeploymentRoot="_3cef7e455965_2024-05-09_04_00_57" />
  </TestSettings>
  <Results>
    <UnitTestResult executionId="98d665cd-1f5f-435b-a097-69eda8e657ba" testId="aa9cdc32-fbdf-399c-8974-b4a7a23fa0f1" testName="CleanArchitecture.UnitTests.Common.Primitives.DomainObjects.EntityTests.Entity_ToString_ReturnsTypeNameAndId" computerName="3cef7e455965" duration="00:00:00.0010472" startTime="2024-05-09T04:00:57.1351688+00:00" endTime="2024-05-09T04:00:57.1351688+00:00" testType="13cdc9d9-ddb5-4fa4-a97d-d965ccfc6d4b" outcome="Passed" testListId="8c84fa94-04c1-424b-9868-57a2d4851a1d" relativeResultsDirectory="98d665cd-1f5f-435b-a097-69eda8e657ba" />
    <UnitTestResult executionId="d0896132-79d1-4efe-ae0e-75aba6d60269" testId="4b18a758-56b0-ca1e-a681-3233f9c4d49c" testName="CleanArchitecture.UnitTests.Common.Primitives.DomainObjects.EntityTests.Entity_EqualsOperator_ReturnsTrue" computerName="3cef7e455965" duration="00:00:00.0000748" startTime="2024-05-09T04:00:57.1352795+00:00" endTime="2024-05-09T04:00:57.1352795+00:00" testType="13cdc9d9-ddb5-4fa4-a97d-d965ccfc6d4b" outcome="Passed" testListId="8c84fa94-04c1-424b-9868-57a2d4851a1d" relativeResultsDirectory="d0896132-79d1-4efe-ae0e-75aba6d60269" />
    <UnitTestResult executionId="89b54038-2a68-4f73-9197-30b38e929655" testId="cc102f76-a46d-1479-ec9e-ce49dff0467e" testName="CleanArchitecture.UnitTests.Common.Primitives.DomainObjects.EntityTests.Entity_Clone_ReturnsSameEntity" computerName="3cef7e455965" duration="00:00:00.0005555" startTime="2024-05-09T04:00:57.1208980+00:00" endTime="2024-05-09T04:00:57.1208980+00:00" testType="13cdc9d9-ddb5-4fa4-a97d-d965ccfc6d4b" outcome="Passed" testListId="8c84fa94-04c1-424b-9868-57a2d4851a1d" relativeResultsDirectory="89b54038-2a68-4f73-9197-30b38e929655" />
    <UnitTestResult executionId="40305a58-b730-456c-b38d-e090e1e7f309" testId="eda757df-89c4-8c20-960e-67ca9e8c7fde" testName="CleanArchitecture.UnitTests.Common.Primitives.DomainObjects.EntityTests.Entity_Equals_ReturnsFalseForDifferentType" computerName="3cef7e455965" duration="00:00:00.0000465" startTime="2024-05-09T04:00:57.1353020+00:00" endTime="2024-05-09T04:00:57.1353021+00:00" testType="13cdc9d9-ddb5-4fa4-a97d-d965ccfc6d4b" outcome="Passed" testListId="8c84fa94-04c1-424b-9868-57a2d4851a1d" relativeResultsDirectory="40305a58-b730-456c-b38d-e090e1e7f309" />
    <UnitTestResult executionId="5ba5565a-bfc0-476f-9455-c6dc8b86cfd5" testId="2cf2bc2f-df54-030f-a33d-eb115b93dcda" testName="CleanArchitecture.UnitTests.Common.Primitives.DomainObjects.EntityTests.Entity_NotEqualsOperator_ReturnsFalse" computerName="3cef7e455965" duration="00:00:00.0003314" startTime="2024-05-09T04:00:57.1208023+00:00" endTime="2024-05-09T04:00:57.1208023+00:00" testType="13cdc9d9-ddb5-4fa4-a97d-d965ccfc6d4b" outcome="Passed" testListId="8c84fa94-04c1-424b-9868-57a2d4851a1d" relativeResultsDirectory="5ba5565a-bfc0-476f-9455-c6dc8b86cfd5" />
    <UnitTestResult executionId="4c63194e-6cf3-4014-b679-f16a15b01d5f" testId="1fbdfe91-f2fd-3ab8-27e4-6f6b2e122d1b" testName="CleanArchitecture.UnitTests.Common.Primitives.DomainObjects.EntityTests.Entity_Equals_ReturnsTrue" computerName="3cef7e455965" duration="00:00:00.0000614" startTime="2024-05-09T04:00:57.1208488+00:00" endTime="2024-05-09T04:00:57.1208489+00:00" testType="13cdc9d9-ddb5-4fa4-a97d-d965ccfc6d4b" outcome="Passed" testListId="8c84fa94-04c1-424b-9868-57a2d4851a1d" relativeResultsDirectory="4c63194e-6cf3-4014-b679-f16a15b01d5f" />
    <UnitTestResult executionId="779dc83f-44d5-4a8e-8318-f4970e2fff3c" testId="645e9e03-9241-be3b-5c6f-7e10563b4372" testName="CleanArchitecture.UnitTests.Common.Primitives.DomainObjects.EntityTests.Entity_Equals_ReturnsFalseForNull" computerName="3cef7e455965" duration="00:00:00.0000804" startTime="2024-05-09T04:00:57.1352565+00:00" endTime="2024-05-09T04:00:57.1352565+00:00" testType="13cdc9d9-ddb5-4fa4-a97d-d965ccfc6d4b" outcome="Passed" testListId="8c84fa94-04c1-424b-9868-57a2d4851a1d" relativeResultsDirectory="779dc83f-44d5-4a8e-8318-f4970e2fff3c" />
    <UnitTestResult executionId="f1111e6c-9b93-4baf-b702-39525ae26198" testId="1d5a8dd1-49c2-4d62-e74b-cc9930504aae" testName="CleanArchitecture.UnitTests.Common.Primitives.DomainObjects.EntityTests.Entity_GetHashCode_ReturnsIdHashCode" computerName="3cef7e455965" duration="00:00:00.0000747" startTime="2024-05-09T04:00:57.1353421+00:00" endTime="2024-05-09T04:00:57.1353421+00:00" testType="13cdc9d9-ddb5-4fa4-a97d-d965ccfc6d4b" outcome="Passed" testListId="8c84fa94-04c1-424b-9868-57a2d4851a1d" relativeResultsDirectory="f1111e6c-9b93-4baf-b702-39525ae26198" />
    <UnitTestResult executionId="3c97e4bb-8170-4b24-9d58-5a038b315155" testId="1ca9ffbf-fef8-c78f-735c-0719d79da2f4" testName="CleanArchitecture.UnitTests.Common.Primitives.DomainObjects.ValueObjectTests.GetHashCode_WithDifferentValueObjects_ReturnsDifferentHashCode" computerName="3cef7e455965" duration="00:00:00.0001702" startTime="2024-05-09T04:00:57.1208883+00:00" endTime="2024-05-09T04:00:57.1208883+00:00" testType="13cdc9d9-ddb5-4fa4-a97d-d965ccfc6d4b" outcome="Passed" testListId="8c84fa94-04c1-424b-9868-57a2d4851a1d" relativeResultsDirectory="3c97e4bb-8170-4b24-9d58-5a038b315155" />
    <UnitTestResult executionId="16727547-605d-413c-b24a-a0c2d4023929" testId="005bf185-f699-4538-f247-ac4738afe6df" testName="CleanArchitecture.UnitTests.Common.Primitives.DomainObjects.EntityTests.Entity_NotEqualsOperator_ReturnsTrue" computerName="3cef7e455965" duration="00:00:00.0000519" startTime="2024-05-09T04:00:57.1208683+00:00" endTime="2024-05-09T04:00:57.1208684+00:00" testType="13cdc9d9-ddb5-4fa4-a97d-d965ccfc6d4b" outcome="Passed" testListId="8c84fa94-04c1-424b-9868-57a2d4851a1d" relativeResultsDirectory="16727547-605d-413c-b24a-a0c2d4023929" />
    <UnitTestResult executionId="522e5878-766e-4872-af56-56c7f016635e" testId="c997ebe7-9022-1204-ff9d-851dc5617bf8" testName="CleanArchitecture.UnitTests.Common.Primitives.DomainObjects.EntityTests.Entity_Equals_ReturnsFalseForSameReference" computerName="3cef7e455965" duration="00:00:00.0045986" startTime="2024-05-09T04:00:57.1187529+00:00" endTime="2024-05-09T04:00:57.1187650+00:00" testType="13cdc9d9-ddb5-4fa4-a97d-d965ccfc6d4b" outcome="Passed" testListId="8c84fa94-04c1-424b-9868-57a2d4851a1d" relativeResultsDirectory="522e5878-766e-4872-af56-56c7f016635e" />
    <UnitTestResult executionId="c3395916-cc1d-4336-a023-061ab110ddcd" testId="28fd1f1a-4c92-0b3f-07f3-ca684e43a641" testName="CleanArchitecture.UnitTests.Common.Primitives.DomainObjects.EntityTests.Entity_EqualsOperator_ReturnsFalse" computerName="3cef7e455965" duration="00:00:00.0000469" startTime="2024-05-09T04:00:57.1353211+00:00" endTime="2024-05-09T04:00:57.1353211+00:00" testType="13cdc9d9-ddb5-4fa4-a97d-d965ccfc6d4b" outcome="Passed" testListId="8c84fa94-04c1-424b-9868-57a2d4851a1d" relativeResultsDirectory="c3395916-cc1d-4336-a023-061ab110ddcd" />
    <UnitTestResult executionId="40ff71ae-2154-4bc1-9fe3-d2a0c0ee8e4d" testId="67d72661-1ff2-d2bb-d80f-3971054ffbd5" testName="CleanArchitecture.UnitTests.Common.Primitives.DomainObjects.EntityTests.Entity_Equals_ReturnsFalse" computerName="3cef7e455965" duration="00:00:00.0000464" startTime="2024-05-09T04:00:57.1353607+00:00" endTime="2024-05-09T04:00:57.1353608+00:00" testType="13cdc9d9-ddb5-4fa4-a97d-d965ccfc6d4b" outcome="Passed" testListId="8c84fa94-04c1-424b-9868-57a2d4851a1d" relativeResultsDirectory="40ff71ae-2154-4bc1-9fe3-d2a0c0ee8e4d" />
    <UnitTestResult executionId="ec840e96-3076-4ac6-a56f-96e39fd1cad4" testId="1912739d-364c-f430-22ca-c8ea855776a1" testName="CleanArchitecture.UnitTests.Common.Primitives.DomainObjects.ValueObjectTests.GetHashCode_WithEqualValueObjects_ReturnsSameHashCode" computerName="3cef7e455965" duration="00:00:00.0046399" startTime="2024-05-09T04:00:57.1201383+00:00" endTime="2024-05-09T04:00:57.1201383+00:00" testType="13cdc9d9-ddb5-4fa4-a97d-d965ccfc6d4b" outcome="Passed" testListId="8c84fa94-04c1-424b-9868-57a2d4851a1d" relativeResultsDirectory="ec840e96-3076-4ac6-a56f-96e39fd1cad4" />
    <UnitTestResult executionId="44dbd220-f01e-48f4-acd5-8a5f76ad9f84" testId="09b54a74-48bc-aa50-13c8-d9f60835ad3a" testName="CleanArchitecture.UnitTests.Common.Primitives.DomainObjects.ValueObjectTests.Equals_WithEqualValueObjects_ReturnsTrue" computerName="3cef7e455965" duration="00:00:00.0002709" startTime="2024-05-09T04:00:57.1206592+00:00" endTime="2024-05-09T04:00:57.1206593+00:00" testType="13cdc9d9-ddb5-4fa4-a97d-d965ccfc6d4b" outcome="Passed" testListId="8c84fa94-04c1-424b-9868-57a2d4851a1d" relativeResultsDirectory="44dbd220-f01e-48f4-acd5-8a5f76ad9f84" />
    <UnitTestResult executionId="d6ccfd7c-2705-4a90-9206-32ee785dce21" testId="93527e5d-510b-daed-5ac7-96f771220ccc" testName="CleanArchitecture.UnitTests.Common.Primitives.DomainObjects.ValueObjectTests.Equals_WithDifferentValueObjects_ReturnsFalse" computerName="3cef7e455965" duration="00:00:00.0000572" startTime="2024-05-09T04:00:57.1208248+00:00" endTime="2024-05-09T04:00:57.1208248+00:00" testType="13cdc9d9-ddb5-4fa4-a97d-d965ccfc6d4b" outcome="Passed" testListId="8c84fa94-04c1-424b-9868-57a2d4851a1d" relativeResultsDirectory="d6ccfd7c-2705-4a90-9206-32ee785dce21" />
  </Results>
  <TestDefinitions>
    <UnitTest name="CleanArchitecture.UnitTests.Common.Primitives.DomainObjects.EntityTests.Entity_NotEqualsOperator_ReturnsFalse" storage="/workspaces/clean-architecture/sources/cleanarchitecture/tests/cleanarchitecture.unittests/bin/debug/net8.0/cleanarchitecture.unittests.dll" id="2cf2bc2f-df54-030f-a33d-eb115b93dcda">
      <Execution id="5ba5565a-bfc0-476f-9455-c6dc8b86cfd5" />
      <TestMethod codeBase="/workspaces/clean-architecture/sources/CleanArchitecture/tests/CleanArchitecture.UnitTests/bin/Debug/net8.0/CleanArchitecture.UnitTests.dll" adapterTypeName="executor://xunit/VsTestRunner2/netcoreapp" className="CleanArchitecture.UnitTests.Common.Primitives.DomainObjects.EntityTests" name="Entity_NotEqualsOperator_ReturnsFalse" />
    </UnitTest>
    <UnitTest name="CleanArchitecture.UnitTests.Common.Primitives.DomainObjects.EntityTests.Entity_EqualsOperator_ReturnsFalse" storage="/workspaces/clean-architecture/sources/cleanarchitecture/tests/cleanarchitecture.unittests/bin/debug/net8.0/cleanarchitecture.unittests.dll" id="28fd1f1a-4c92-0b3f-07f3-ca684e43a641">
      <Execution id="c3395916-cc1d-4336-a023-061ab110ddcd" />
      <TestMethod codeBase="/workspaces/clean-architecture/sources/CleanArchitecture/tests/CleanArchitecture.UnitTests/bin/Debug/net8.0/CleanArchitecture.UnitTests.dll" adapterTypeName="executor://xunit/VsTestRunner2/netcoreapp" className="CleanArchitecture.UnitTests.Common.Primitives.DomainObjects.EntityTests" name="Entity_EqualsOperator_ReturnsFalse" />
    </UnitTest>
    <UnitTest name="CleanArchitecture.UnitTests.Common.Primitives.DomainObjects.EntityTests.Entity_Equals_ReturnsFalseForSameReference" storage="/workspaces/clean-architecture/sources/cleanarchitecture/tests/cleanarchitecture.unittests/bin/debug/net8.0/cleanarchitecture.unittests.dll" id="c997ebe7-9022-1204-ff9d-851dc5617bf8">
      <Execution id="522e5878-766e-4872-af56-56c7f016635e" />
      <TestMethod codeBase="/workspaces/clean-architecture/sources/CleanArchitecture/tests/CleanArchitecture.UnitTests/bin/Debug/net8.0/CleanArchitecture.UnitTests.dll" adapterTypeName="executor://xunit/VsTestRunner2/netcoreapp" className="CleanArchitecture.UnitTests.Common.Primitives.DomainObjects.EntityTests" name="Entity_Equals_ReturnsFalseForSameReference" />
    </UnitTest>
    <UnitTest name="CleanArchitecture.UnitTests.Common.Primitives.DomainObjects.ValueObjectTests.GetHashCode_WithEqualValueObjects_ReturnsSameHashCode" storage="/workspaces/clean-architecture/sources/cleanarchitecture/tests/cleanarchitecture.unittests/bin/debug/net8.0/cleanarchitecture.unittests.dll" id="1912739d-364c-f430-22ca-c8ea855776a1">
      <Execution id="ec840e96-3076-4ac6-a56f-96e39fd1cad4" />
      <TestMethod codeBase="/workspaces/clean-architecture/sources/CleanArchitecture/tests/CleanArchitecture.UnitTests/bin/Debug/net8.0/CleanArchitecture.UnitTests.dll" adapterTypeName="executor://xunit/VsTestRunner2/netcoreapp" className="CleanArchitecture.UnitTests.Common.Primitives.DomainObjects.ValueObjectTests" name="GetHashCode_WithEqualValueObjects_ReturnsSameHashCode" />
    </UnitTest>
    <UnitTest name="CleanArchitecture.UnitTests.Common.Primitives.DomainObjects.EntityTests.Entity_Equals_ReturnsFalse" storage="/workspaces/clean-architecture/sources/cleanarchitecture/tests/cleanarchitecture.unittests/bin/debug/net8.0/cleanarchitecture.unittests.dll" id="67d72661-1ff2-d2bb-d80f-3971054ffbd5">
      <Execution id="40ff71ae-2154-4bc1-9fe3-d2a0c0ee8e4d" />
      <TestMethod codeBase="/workspaces/clean-architecture/sources/CleanArchitecture/tests/CleanArchitecture.UnitTests/bin/Debug/net8.0/CleanArchitecture.UnitTests.dll" adapterTypeName="executor://xunit/VsTestRunner2/netcoreapp" className="CleanArchitecture.UnitTests.Common.Primitives.DomainObjects.EntityTests" name="Entity_Equals_ReturnsFalse" />
    </UnitTest>
    <UnitTest name="CleanArchitecture.UnitTests.Common.Primitives.DomainObjects.EntityTests.Entity_Equals_ReturnsFalseForDifferentType" storage="/workspaces/clean-architecture/sources/cleanarchitecture/tests/cleanarchitecture.unittests/bin/debug/net8.0/cleanarchitecture.unittests.dll" id="eda757df-89c4-8c20-960e-67ca9e8c7fde">
      <Execution id="40305a58-b730-456c-b38d-e090e1e7f309" />
      <TestMethod codeBase="/workspaces/clean-architecture/sources/CleanArchitecture/tests/CleanArchitecture.UnitTests/bin/Debug/net8.0/CleanArchitecture.UnitTests.dll" adapterTypeName="executor://xunit/VsTestRunner2/netcoreapp" className="CleanArchitecture.UnitTests.Common.Primitives.DomainObjects.EntityTests" name="Entity_Equals_ReturnsFalseForDifferentType" />
    </UnitTest>
    <UnitTest name="CleanArchitecture.UnitTests.Common.Primitives.DomainObjects.ValueObjectTests.GetHashCode_WithDifferentValueObjects_ReturnsDifferentHashCode" storage="/workspaces/clean-architecture/sources/cleanarchitecture/tests/cleanarchitecture.unittests/bin/debug/net8.0/cleanarchitecture.unittests.dll" id="1ca9ffbf-fef8-c78f-735c-0719d79da2f4">
      <Execution id="3c97e4bb-8170-4b24-9d58-5a038b315155" />
      <TestMethod codeBase="/workspaces/clean-architecture/sources/CleanArchitecture/tests/CleanArchitecture.UnitTests/bin/Debug/net8.0/CleanArchitecture.UnitTests.dll" adapterTypeName="executor://xunit/VsTestRunner2/netcoreapp" className="CleanArchitecture.UnitTests.Common.Primitives.DomainObjects.ValueObjectTests" name="GetHashCode_WithDifferentValueObjects_ReturnsDifferentHashCode" />
    </UnitTest>
    <UnitTest name="CleanArchitecture.UnitTests.Common.Primitives.DomainObjects.EntityTests.Entity_EqualsOperator_ReturnsTrue" storage="/workspaces/clean-architecture/sources/cleanarchitecture/tests/cleanarchitecture.unittests/bin/debug/net8.0/cleanarchitecture.unittests.dll" id="4b18a758-56b0-ca1e-a681-3233f9c4d49c">
      <Execution id="d0896132-79d1-4efe-ae0e-75aba6d60269" />
      <TestMethod codeBase="/workspaces/clean-architecture/sources/CleanArchitecture/tests/CleanArchitecture.UnitTests/bin/Debug/net8.0/CleanArchitecture.UnitTests.dll" adapterTypeName="executor://xunit/VsTestRunner2/netcoreapp" className="CleanArchitecture.UnitTests.Common.Primitives.DomainObjects.EntityTests" name="Entity_EqualsOperator_ReturnsTrue" />
    </UnitTest>
    <UnitTest name="CleanArchitecture.UnitTests.Common.Primitives.DomainObjects.EntityTests.Entity_NotEqualsOperator_ReturnsTrue" storage="/workspaces/clean-architecture/sources/cleanarchitecture/tests/cleanarchitecture.unittests/bin/debug/net8.0/cleanarchitecture.unittests.dll" id="005bf185-f699-4538-f247-ac4738afe6df">
      <Execution id="16727547-605d-413c-b24a-a0c2d4023929" />
      <TestMethod codeBase="/workspaces/clean-architecture/sources/CleanArchitecture/tests/CleanArchitecture.UnitTests/bin/Debug/net8.0/CleanArchitecture.UnitTests.dll" adapterTypeName="executor://xunit/VsTestRunner2/netcoreapp" className="CleanArchitecture.UnitTests.Common.Primitives.DomainObjects.EntityTests" name="Entity_NotEqualsOperator_ReturnsTrue" />
    </UnitTest>
    <UnitTest name="CleanArchitecture.UnitTests.Common.Primitives.DomainObjects.EntityTests.Entity_Equals_ReturnsTrue" storage="/workspaces/clean-architecture/sources/cleanarchitecture/tests/cleanarchitecture.unittests/bin/debug/net8.0/cleanarchitecture.unittests.dll" id="1fbdfe91-f2fd-3ab8-27e4-6f6b2e122d1b">
      <Execution id="4c63194e-6cf3-4014-b679-f16a15b01d5f" />
      <TestMethod codeBase="/workspaces/clean-architecture/sources/CleanArchitecture/tests/CleanArchitecture.UnitTests/bin/Debug/net8.0/CleanArchitecture.UnitTests.dll" adapterTypeName="executor://xunit/VsTestRunner2/netcoreapp" className="CleanArchitecture.UnitTests.Common.Primitives.DomainObjects.EntityTests" name="Entity_Equals_ReturnsTrue" />
    </UnitTest>
    <UnitTest name="CleanArchitecture.UnitTests.Common.Primitives.DomainObjects.EntityTests.Entity_GetHashCode_ReturnsIdHashCode" storage="/workspaces/clean-architecture/sources/cleanarchitecture/tests/cleanarchitecture.unittests/bin/debug/net8.0/cleanarchitecture.unittests.dll" id="1d5a8dd1-49c2-4d62-e74b-cc9930504aae">
      <Execution id="f1111e6c-9b93-4baf-b702-39525ae26198" />
      <TestMethod codeBase="/workspaces/clean-architecture/sources/CleanArchitecture/tests/CleanArchitecture.UnitTests/bin/Debug/net8.0/CleanArchitecture.UnitTests.dll" adapterTypeName="executor://xunit/VsTestRunner2/netcoreapp" className="CleanArchitecture.UnitTests.Common.Primitives.DomainObjects.EntityTests" name="Entity_GetHashCode_ReturnsIdHashCode" />
    </UnitTest>
    <UnitTest name="CleanArchitecture.UnitTests.Common.Primitives.DomainObjects.EntityTests.Entity_Clone_ReturnsSameEntity" storage="/workspaces/clean-architecture/sources/cleanarchitecture/tests/cleanarchitecture.unittests/bin/debug/net8.0/cleanarchitecture.unittests.dll" id="cc102f76-a46d-1479-ec9e-ce49dff0467e">
      <Execution id="89b54038-2a68-4f73-9197-30b38e929655" />
      <TestMethod codeBase="/workspaces/clean-architecture/sources/CleanArchitecture/tests/CleanArchitecture.UnitTests/bin/Debug/net8.0/CleanArchitecture.UnitTests.dll" adapterTypeName="executor://xunit/VsTestRunner2/netcoreapp" className="CleanArchitecture.UnitTests.Common.Primitives.DomainObjects.EntityTests" name="Entity_Clone_ReturnsSameEntity" />
    </UnitTest>
    <UnitTest name="CleanArchitecture.UnitTests.Common.Primitives.DomainObjects.EntityTests.Entity_Equals_ReturnsFalseForNull" storage="/workspaces/clean-architecture/sources/cleanarchitecture/tests/cleanarchitecture.unittests/bin/debug/net8.0/cleanarchitecture.unittests.dll" id="645e9e03-9241-be3b-5c6f-7e10563b4372">
      <Execution id="779dc83f-44d5-4a8e-8318-f4970e2fff3c" />
      <TestMethod codeBase="/workspaces/clean-architecture/sources/CleanArchitecture/tests/CleanArchitecture.UnitTests/bin/Debug/net8.0/CleanArchitecture.UnitTests.dll" adapterTypeName="executor://xunit/VsTestRunner2/netcoreapp" className="CleanArchitecture.UnitTests.Common.Primitives.DomainObjects.EntityTests" name="Entity_Equals_ReturnsFalseForNull" />
    </UnitTest>
    <UnitTest name="CleanArchitecture.UnitTests.Common.Primitives.DomainObjects.ValueObjectTests.Equals_WithDifferentValueObjects_ReturnsFalse" storage="/workspaces/clean-architecture/sources/cleanarchitecture/tests/cleanarchitecture.unittests/bin/debug/net8.0/cleanarchitecture.unittests.dll" id="93527e5d-510b-daed-5ac7-96f771220ccc">
      <Execution id="d6ccfd7c-2705-4a90-9206-32ee785dce21" />
      <TestMethod codeBase="/workspaces/clean-architecture/sources/CleanArchitecture/tests/CleanArchitecture.UnitTests/bin/Debug/net8.0/CleanArchitecture.UnitTests.dll" adapterTypeName="executor://xunit/VsTestRunner2/netcoreapp" className="CleanArchitecture.UnitTests.Common.Primitives.DomainObjects.ValueObjectTests" name="Equals_WithDifferentValueObjects_ReturnsFalse" />
    </UnitTest>
    <UnitTest name="CleanArchitecture.UnitTests.Common.Primitives.DomainObjects.EntityTests.Entity_ToString_ReturnsTypeNameAndId" storage="/workspaces/clean-architecture/sources/cleanarchitecture/tests/cleanarchitecture.unittests/bin/debug/net8.0/cleanarchitecture.unittests.dll" id="aa9cdc32-fbdf-399c-8974-b4a7a23fa0f1">
      <Execution id="98d665cd-1f5f-435b-a097-69eda8e657ba" />
      <TestMethod codeBase="/workspaces/clean-architecture/sources/CleanArchitecture/tests/CleanArchitecture.UnitTests/bin/Debug/net8.0/CleanArchitecture.UnitTests.dll" adapterTypeName="executor://xunit/VsTestRunner2/netcoreapp" className="CleanArchitecture.UnitTests.Common.Primitives.DomainObjects.EntityTests" name="Entity_ToString_ReturnsTypeNameAndId" />
    </UnitTest>
    <UnitTest name="CleanArchitecture.UnitTests.Common.Primitives.DomainObjects.ValueObjectTests.Equals_WithEqualValueObjects_ReturnsTrue" storage="/workspaces/clean-architecture/sources/cleanarchitecture/tests/cleanarchitecture.unittests/bin/debug/net8.0/cleanarchitecture.unittests.dll" id="09b54a74-48bc-aa50-13c8-d9f60835ad3a">
      <Execution id="44dbd220-f01e-48f4-acd5-8a5f76ad9f84" />
      <TestMethod codeBase="/workspaces/clean-architecture/sources/CleanArchitecture/tests/CleanArchitecture.UnitTests/bin/Debug/net8.0/CleanArchitecture.UnitTests.dll" adapterTypeName="executor://xunit/VsTestRunner2/netcoreapp" className="CleanArchitecture.UnitTests.Common.Primitives.DomainObjects.ValueObjectTests" name="Equals_WithEqualValueObjects_ReturnsTrue" />
    </UnitTest>
  </TestDefinitions>
  <TestEntries>
    <TestEntry testId="aa9cdc32-fbdf-399c-8974-b4a7a23fa0f1" executionId="98d665cd-1f5f-435b-a097-69eda8e657ba" testListId="8c84fa94-04c1-424b-9868-57a2d4851a1d" />
    <TestEntry testId="4b18a758-56b0-ca1e-a681-3233f9c4d49c" executionId="d0896132-79d1-4efe-ae0e-75aba6d60269" testListId="8c84fa94-04c1-424b-9868-57a2d4851a1d" />
    <TestEntry testId="cc102f76-a46d-1479-ec9e-ce49dff0467e" executionId="89b54038-2a68-4f73-9197-30b38e929655" testListId="8c84fa94-04c1-424b-9868-57a2d4851a1d" />
    <TestEntry testId="eda757df-89c4-8c20-960e-67ca9e8c7fde" executionId="40305a58-b730-456c-b38d-e090e1e7f309" testListId="8c84fa94-04c1-424b-9868-57a2d4851a1d" />
    <TestEntry testId="2cf2bc2f-df54-030f-a33d-eb115b93dcda" executionId="5ba5565a-bfc0-476f-9455-c6dc8b86cfd5" testListId="8c84fa94-04c1-424b-9868-57a2d4851a1d" />
    <TestEntry testId="1fbdfe91-f2fd-3ab8-27e4-6f6b2e122d1b" executionId="4c63194e-6cf3-4014-b679-f16a15b01d5f" testListId="8c84fa94-04c1-424b-9868-57a2d4851a1d" />
    <TestEntry testId="645e9e03-9241-be3b-5c6f-7e10563b4372" executionId="779dc83f-44d5-4a8e-8318-f4970e2fff3c" testListId="8c84fa94-04c1-424b-9868-57a2d4851a1d" />
    <TestEntry testId="1d5a8dd1-49c2-4d62-e74b-cc9930504aae" executionId="f1111e6c-9b93-4baf-b702-39525ae26198" testListId="8c84fa94-04c1-424b-9868-57a2d4851a1d" />
    <TestEntry testId="1ca9ffbf-fef8-c78f-735c-0719d79da2f4" executionId="3c97e4bb-8170-4b24-9d58-5a038b315155" testListId="8c84fa94-04c1-424b-9868-57a2d4851a1d" />
    <TestEntry testId="005bf185-f699-4538-f247-ac4738afe6df" executionId="16727547-605d-413c-b24a-a0c2d4023929" testListId="8c84fa94-04c1-424b-9868-57a2d4851a1d" />
    <TestEntry testId="c997ebe7-9022-1204-ff9d-851dc5617bf8" executionId="522e5878-766e-4872-af56-56c7f016635e" testListId="8c84fa94-04c1-424b-9868-57a2d4851a1d" />
    <TestEntry testId="28fd1f1a-4c92-0b3f-07f3-ca684e43a641" executionId="c3395916-cc1d-4336-a023-061ab110ddcd" testListId="8c84fa94-04c1-424b-9868-57a2d4851a1d" />
    <TestEntry testId="67d72661-1ff2-d2bb-d80f-3971054ffbd5" executionId="40ff71ae-2154-4bc1-9fe3-d2a0c0ee8e4d" testListId="8c84fa94-04c1-424b-9868-57a2d4851a1d" />
    <TestEntry testId="1912739d-364c-f430-22ca-c8ea855776a1" executionId="ec840e96-3076-4ac6-a56f-96e39fd1cad4" testListId="8c84fa94-04c1-424b-9868-57a2d4851a1d" />
    <TestEntry testId="09b54a74-48bc-aa50-13c8-d9f60835ad3a" executionId="44dbd220-f01e-48f4-acd5-8a5f76ad9f84" testListId="8c84fa94-04c1-424b-9868-57a2d4851a1d" />
    <TestEntry testId="93527e5d-510b-daed-5ac7-96f771220ccc" executionId="d6ccfd7c-2705-4a90-9206-32ee785dce21" testListId="8c84fa94-04c1-424b-9868-57a2d4851a1d" />
  </TestEntries>
  <TestLists>
    <TestList name="Results Not in a List" id="8c84fa94-04c1-424b-9868-57a2d4851a1d" />
    <TestList name="All Loaded Results" id="19431567-8539-422a-85d7-44ee4e166bda" />
  </TestLists>
  <ResultSummary outcome="Completed">
    <Counters total="16" executed="16" passed="16" failed="0" error="0" timeout="0" aborted="0" inconclusive="0" passedButRunAborted="0" notRunnable="0" notExecuted="0" disconnected="0" warning="0" completed="0" inProgress="0" pending="0" />
    <Output>
      <StdOut>[xUnit.net 00:00:00.00] xUnit.net VSTest Adapter v2.4.5+1caef2f33e (64-bit .NET 8.0.4)
[xUnit.net 00:00:00.32]   Discovering: CleanArchitecture.UnitTests
[xUnit.net 00:00:00.34]   Discovered:  CleanArchitecture.UnitTests
[xUnit.net 00:00:00.34]   Starting:    CleanArchitecture.UnitTests
[xUnit.net 00:00:00.38]   Finished:    CleanArchitecture.UnitTests
</StdOut>
    </Output>
  </ResultSummary>
</TestRun>