<?xml version="1.0" encoding="utf-8"?>
<TestRun id="d6a9111e-7a02-4b8c-949b-bdc7ec62b728" name="@3cef7e455965 2024-05-09 04:09:39" xmlns="http://microsoft.com/schemas/VisualStudio/TeamTest/2010">
  <Times creation="2024-05-09T04:09:39.1204145+00:00" queuing="2024-05-09T04:09:39.1204147+00:00" start="2024-05-09T04:09:38.4424638+00:00" finish="2024-05-09T04:09:39.1245616+00:00" />
  <TestSettings name="default" id="aa162049-8e28-4da0-8b6d-3dddff781597">
    <Deployment runDeploymentRoot="_3cef7e455965_2024-05-09_04_09_39" />
  </TestSettings>
  <Results>
    <UnitTestResult executionId="bbe56f50-aabd-483b-adf7-c384fe28e19d" testId="57a17011-ec5f-0f72-1518-e5a930685a98" testName="CleanArchitecture.FunctionalTests.UnitTest1.Test1" computerName="3cef7e455965" duration="00:00:00.0009591" startTime="2024-05-09T04:09:39.0269032+00:00" endTime="2024-05-09T04:09:39.0269290+00:00" testType="13cdc9d9-ddb5-4fa4-a97d-d965ccfc6d4b" outcome="Passed" testListId="8c84fa94-04c1-424b-9868-57a2d4851a1d" relativeResultsDirectory="bbe56f50-aabd-483b-adf7-c384fe28e19d" />
  </Results>
  <TestDefinitions>
    <UnitTest name="CleanArchitecture.FunctionalTests.UnitTest1.Test1" storage="/workspaces/clean-architecture/sources/cleanarchitecture/tests/cleanarchitecture.functionaltests/bin/debug/net8.0/cleanarchitecture.functionaltests.dll" id="57a17011-ec5f-0f72-1518-e5a930685a98">
      <Execution id="bbe56f50-aabd-483b-adf7-c384fe28e19d" />
      <TestMethod codeBase="/workspaces/clean-architecture/sources/CleanArchitecture/tests/CleanArchitecture.FunctionalTests/bin/Debug/net8.0/CleanArchitecture.FunctionalTests.dll" adapterTypeName="executor://xunit/VsTestRunner2/netcoreapp" className="CleanArchitecture.FunctionalTests.UnitTest1" name="Test1" />
    </UnitTest>
  </TestDefinitions>
  <TestEntries>
    <TestEntry testId="57a17011-ec5f-0f72-1518-e5a930685a98" executionId="bbe56f50-aabd-483b-adf7-c384fe28e19d" testListId="8c84fa94-04c1-424b-9868-57a2d4851a1d" />
  </TestEntries>
  <TestLists>
    <TestList name="Results Not in a List" id="8c84fa94-04c1-424b-9868-57a2d4851a1d" />
    <TestList name="All Loaded Results" id="19431567-8539-422a-85d7-44ee4e166bda" />
  </TestLists>
  <ResultSummary outcome="Completed">
    <Counters total="1" executed="1" passed="1" failed="0" error="0" timeout="0" aborted="0" inconclusive="0" passedButRunAborted="0" notRunnable="0" notExecuted="0" disconnected="0" warning="0" completed="0" inProgress="0" pending="0" />
    <Output>
      <StdOut>[xUnit.net 00:00:00.00] xUnit.net VSTest Adapter v2.4.5+1caef2f33e (64-bit .NET 8.0.4)
[xUnit.net 00:00:00.25]   Discovering: CleanArchitecture.FunctionalTests
[xUnit.net 00:00:00.28]   Discovered:  CleanArchitecture.FunctionalTests
[xUnit.net 00:00:00.28]   Starting:    CleanArchitecture.FunctionalTests
[xUnit.net 00:00:00.32]   Finished:    CleanArchitecture.FunctionalTests
</StdOut>
    </Output>
  </ResultSummary>
</TestRun>