<?xml version="1.0" encoding="utf-8"?>
<TestRun id="432573cd-6ab0-48e7-965e-0b16e8abbeff" name="@3cef7e455965 2024-05-09 03:56:30" xmlns="http://microsoft.com/schemas/VisualStudio/TeamTest/2010">
  <Times creation="2024-05-09T03:56:30.0626210+00:00" queuing="2024-05-09T03:56:30.0626210+00:00" start="2024-05-09T03:56:29.4961107+00:00" finish="2024-05-09T03:56:30.0683360+00:00" />
  <TestSettings name="default" id="7effd1f8-9153-4723-90d4-21f64f7cdf4d">
    <Deployment runDeploymentRoot="_3cef7e455965_2024-05-09_03_56_30" />
  </TestSettings>
  <Results>
    <UnitTestResult executionId="66944b64-0d4a-4a3c-bde5-8d8e744db503" testId="57a17011-ec5f-0f72-1518-e5a930685a98" testName="CleanArchitecture.FunctionalTests.UnitTest1.Test1" computerName="3cef7e455965" duration="00:00:00.0009729" startTime="2024-05-09T03:56:29.9913253+00:00" endTime="2024-05-09T03:56:29.9913345+00:00" testType="13cdc9d9-ddb5-4fa4-a97d-d965ccfc6d4b" outcome="Passed" testListId="8c84fa94-04c1-424b-9868-57a2d4851a1d" relativeResultsDirectory="66944b64-0d4a-4a3c-bde5-8d8e744db503" />
  </Results>
  <TestDefinitions>
    <UnitTest name="CleanArchitecture.FunctionalTests.UnitTest1.Test1" storage="/workspaces/clean-architecture/sources/cleanarchitecture/tests/cleanarchitecture.functionaltests/bin/debug/net8.0/cleanarchitecture.functionaltests.dll" id="57a17011-ec5f-0f72-1518-e5a930685a98">
      <Execution id="66944b64-0d4a-4a3c-bde5-8d8e744db503" />
      <TestMethod codeBase="/workspaces/clean-architecture/sources/CleanArchitecture/tests/CleanArchitecture.FunctionalTests/bin/Debug/net8.0/CleanArchitecture.FunctionalTests.dll" adapterTypeName="executor://xunit/VsTestRunner2/netcoreapp" className="CleanArchitecture.FunctionalTests.UnitTest1" name="Test1" />
    </UnitTest>
  </TestDefinitions>
  <TestEntries>
    <TestEntry testId="57a17011-ec5f-0f72-1518-e5a930685a98" executionId="66944b64-0d4a-4a3c-bde5-8d8e744db503" testListId="8c84fa94-04c1-424b-9868-57a2d4851a1d" />
  </TestEntries>
  <TestLists>
    <TestList name="Results Not in a List" id="8c84fa94-04c1-424b-9868-57a2d4851a1d" />
    <TestList name="All Loaded Results" id="19431567-8539-422a-85d7-44ee4e166bda" />
  </TestLists>
  <ResultSummary outcome="Completed">
    <Counters total="1" executed="1" passed="1" failed="0" error="0" timeout="0" aborted="0" inconclusive="0" passedButRunAborted="0" notRunnable="0" notExecuted="0" disconnected="0" warning="0" completed="0" inProgress="0" pending="0" />
    <Output>
      <StdOut>[xUnit.net 00:00:00.00] xUnit.net VSTest Adapter v2.4.5+1caef2f33e (64-bit .NET 8.0.4)
[xUnit.net 00:00:00.19]   Discovering: CleanArchitecture.FunctionalTests
[xUnit.net 00:00:00.21]   Discovered:  CleanArchitecture.FunctionalTests
[xUnit.net 00:00:00.21]   Starting:    CleanArchitecture.FunctionalTests
[xUnit.net 00:00:00.24]   Finished:    CleanArchitecture.FunctionalTests
</StdOut>
    </Output>
  </ResultSummary>
</TestRun>