<?xml version="1.0" encoding="utf-8"?>
<TestRun id="42b742cd-ccb6-47a4-ab36-7a0cf4eecdf9" name="@3cef7e455965 2024-05-09 03:27:14" xmlns="http://microsoft.com/schemas/VisualStudio/TeamTest/2010">
  <Times creation="2024-05-09T03:27:14.1738228+00:00" queuing="2024-05-09T03:27:14.1738229+00:00" start="2024-05-09T03:27:13.5324316+00:00" finish="2024-05-09T03:27:14.1775868+00:00" />
  <TestSettings name="default" id="8f58d65e-9b14-435d-80e4-2c53c8e8dacf">
    <Deployment runDeploymentRoot="_3cef7e455965_2024-05-09_03_27_14" />
  </TestSettings>
  <Results>
    <UnitTestResult executionId="d2669a20-986b-4dd5-a49e-4393c6f66f76" testId="57a17011-ec5f-0f72-1518-e5a930685a98" testName="CleanArchitecture.FunctionalTests.UnitTest1.Test1" computerName="3cef7e455965" duration="00:00:00.0010014" startTime="2024-05-09T03:27:14.1024040+00:00" endTime="2024-05-09T03:27:14.1024332+00:00" testType="13cdc9d9-ddb5-4fa4-a97d-d965ccfc6d4b" outcome="Passed" testListId="8c84fa94-04c1-424b-9868-57a2d4851a1d" relativeResultsDirectory="d2669a20-986b-4dd5-a49e-4393c6f66f76" />
  </Results>
  <TestDefinitions>
    <UnitTest name="CleanArchitecture.FunctionalTests.UnitTest1.Test1" storage="/workspaces/clean-architecture/sources/cleanarchitecture/tests/cleanarchitecture.functionaltests/bin/debug/net8.0/cleanarchitecture.functionaltests.dll" id="57a17011-ec5f-0f72-1518-e5a930685a98">
      <Execution id="d2669a20-986b-4dd5-a49e-4393c6f66f76" />
      <TestMethod codeBase="/workspaces/clean-architecture/sources/CleanArchitecture/tests/CleanArchitecture.FunctionalTests/bin/Debug/net8.0/CleanArchitecture.FunctionalTests.dll" adapterTypeName="executor://xunit/VsTestRunner2/netcoreapp" className="CleanArchitecture.FunctionalTests.UnitTest1" name="Test1" />
    </UnitTest>
  </TestDefinitions>
  <TestEntries>
    <TestEntry testId="57a17011-ec5f-0f72-1518-e5a930685a98" executionId="d2669a20-986b-4dd5-a49e-4393c6f66f76" testListId="8c84fa94-04c1-424b-9868-57a2d4851a1d" />
  </TestEntries>
  <TestLists>
    <TestList name="Results Not in a List" id="8c84fa94-04c1-424b-9868-57a2d4851a1d" />
    <TestList name="All Loaded Results" id="19431567-8539-422a-85d7-44ee4e166bda" />
  </TestLists>
  <ResultSummary outcome="Completed">
    <Counters total="1" executed="1" passed="1" failed="0" error="0" timeout="0" aborted="0" inconclusive="0" passedButRunAborted="0" notRunnable="0" notExecuted="0" disconnected="0" warning="0" completed="0" inProgress="0" pending="0" />
    <Output>
      <StdOut>[xUnit.net 00:00:00.00] xUnit.net VSTest Adapter v2.4.5+1caef2f33e (64-bit .NET 8.0.4)
[xUnit.net 00:00:00.21]   Discovering: CleanArchitecture.FunctionalTests
[xUnit.net 00:00:00.23]   Discovered:  CleanArchitecture.FunctionalTests
[xUnit.net 00:00:00.23]   Starting:    CleanArchitecture.FunctionalTests
[xUnit.net 00:00:00.27]   Finished:    CleanArchitecture.FunctionalTests
</StdOut>
    </Output>
  </ResultSummary>
</TestRun>