<?xml version="1.0" encoding="utf-8"?>
<TestRun id="e893515b-bbcb-4390-b917-7cb2f69cfbf9" name="@3cef7e455965 2024-05-09 03:47:37" xmlns="http://microsoft.com/schemas/VisualStudio/TeamTest/2010">
  <Times creation="2024-05-09T03:47:37.4976780+00:00" queuing="2024-05-09T03:47:37.4976781+00:00" start="2024-05-09T03:47:36.8210874+00:00" finish="2024-05-09T03:47:37.5031906+00:00" />
  <TestSettings name="default" id="5575b94b-48a1-4f3e-abdf-eb0fd62af7f6">
    <Deployment runDeploymentRoot="_3cef7e455965_2024-05-09_03_47_37" />
  </TestSettings>
  <Results>
    <UnitTestResult executionId="5f073780-5094-4eae-a83f-78c90cda96ee" testId="57a17011-ec5f-0f72-1518-e5a930685a98" testName="CleanArchitecture.FunctionalTests.UnitTest1.Test1" computerName="3cef7e455965" duration="00:00:00.0010388" startTime="2024-05-09T03:47:37.3983057+00:00" endTime="2024-05-09T03:47:37.3983182+00:00" testType="13cdc9d9-ddb5-4fa4-a97d-d965ccfc6d4b" outcome="Passed" testListId="8c84fa94-04c1-424b-9868-57a2d4851a1d" relativeResultsDirectory="5f073780-5094-4eae-a83f-78c90cda96ee" />
  </Results>
  <TestDefinitions>
    <UnitTest name="CleanArchitecture.FunctionalTests.UnitTest1.Test1" storage="/workspaces/clean-architecture/sources/cleanarchitecture/tests/cleanarchitecture.functionaltests/bin/debug/net8.0/cleanarchitecture.functionaltests.dll" id="57a17011-ec5f-0f72-1518-e5a930685a98">
      <Execution id="5f073780-5094-4eae-a83f-78c90cda96ee" />
      <TestMethod codeBase="/workspaces/clean-architecture/sources/CleanArchitecture/tests/CleanArchitecture.FunctionalTests/bin/Debug/net8.0/CleanArchitecture.FunctionalTests.dll" adapterTypeName="executor://xunit/VsTestRunner2/netcoreapp" className="CleanArchitecture.FunctionalTests.UnitTest1" name="Test1" />
    </UnitTest>
  </TestDefinitions>
  <TestEntries>
    <TestEntry testId="57a17011-ec5f-0f72-1518-e5a930685a98" executionId="5f073780-5094-4eae-a83f-78c90cda96ee" testListId="8c84fa94-04c1-424b-9868-57a2d4851a1d" />
  </TestEntries>
  <TestLists>
    <TestList name="Results Not in a List" id="8c84fa94-04c1-424b-9868-57a2d4851a1d" />
    <TestList name="All Loaded Results" id="19431567-8539-422a-85d7-44ee4e166bda" />
  </TestLists>
  <ResultSummary outcome="Completed">
    <Counters total="1" executed="1" passed="1" failed="0" error="0" timeout="0" aborted="0" inconclusive="0" passedButRunAborted="0" notRunnable="0" notExecuted="0" disconnected="0" warning="0" completed="0" inProgress="0" pending="0" />
    <Output>
      <StdOut>[xUnit.net 00:00:00.00] xUnit.net VSTest Adapter v2.4.5+1caef2f33e (64-bit .NET 8.0.4)
[xUnit.net 00:00:00.27]   Discovering: CleanArchitecture.FunctionalTests
[xUnit.net 00:00:00.30]   Discovered:  CleanArchitecture.FunctionalTests
[xUnit.net 00:00:00.30]   Starting:    CleanArchitecture.FunctionalTests
[xUnit.net 00:00:00.35]   Finished:    CleanArchitecture.FunctionalTests
</StdOut>
    </Output>
  </ResultSummary>
</TestRun>